2017-04-06 00:41:20,348 - requests_oauthlib.oauth1_auth - DEBUG - Signing request <PreparedRequest [POST]> using client <Client nonce=None, signature_method=HMAC-SHA1, realm=None, encoding=utf-8, timestamp=None, resource_owner_secret=****, decoding=None, verifier=None, signature_type=AUTH_HEADER, rsa_key=None, resource_owner_key=841083468222193665-BcvJNY8PvGto5SjYRh1pCDxKOYcJSj3, client_secret=****, callback_uri=None, client_key=9ywytMVXKVsRxZQA94DyIlVx4>
2017-04-06 00:41:20,388 - requests_oauthlib.oauth1_auth - DEBUG - Including body in call to sign: True
2017-04-06 00:41:20,390 - oauthlib.oauth1.rfc5849 - DEBUG - Collected params: [(u'delimited', u'length'), (u'oauth_nonce', u'122952799672780268131491439280'), (u'oauth_timestamp', u'1491439280'), (u'oauth_consumer_key', u'9ywytMVXKVsRxZQA94DyIlVx4'), (u'oauth_signature_method', u'HMAC-SHA1'), (u'oauth_version', u'1.0'), (u'oauth_token', u'841083468222193665-BcvJNY8PvGto5SjYRh1pCDxKOYcJSj3'), (u'track', u'a,the,i,you,u'), (u'language', u'en')]
2017-04-06 00:41:20,390 - oauthlib.oauth1.rfc5849 - DEBUG - Normalized params: delimited=length&language=en&oauth_consumer_key=9ywytMVXKVsRxZQA94DyIlVx4&oauth_nonce=122952799672780268131491439280&oauth_signature_method=HMAC-SHA1&oauth_timestamp=1491439280&oauth_token=841083468222193665-BcvJNY8PvGto5SjYRh1pCDxKOYcJSj3&oauth_version=1.0&track=a%2Cthe%2Ci%2Cyou%2Cu
2017-04-06 00:41:20,391 - oauthlib.oauth1.rfc5849 - DEBUG - Normalized URI: https://stream.twitter.com/1.1/statuses/filter.json
2017-04-06 00:41:20,456 - oauthlib.oauth1.rfc5849 - DEBUG - Base signing string: POST&https%3A%2F%2Fstream.twitter.com%2F1.1%2Fstatuses%2Ffilter.json&delimited%3Dlength%26language%3Den%26oauth_consumer_key%3D9ywytMVXKVsRxZQA94DyIlVx4%26oauth_nonce%3D122952799672780268131491439280%26oauth_signature_method%3DHMAC-SHA1%26oauth_timestamp%3D1491439280%26oauth_token%3D841083468222193665-BcvJNY8PvGto5SjYRh1pCDxKOYcJSj3%26oauth_version%3D1.0%26track%3Da%252Cthe%252Ci%252Cyou%252Cu
2017-04-06 00:41:20,456 - oauthlib.oauth1.rfc5849 - DEBUG - Signature: 97QBC6VKzTqprLbQDDNrHVSNbJw=
2017-04-06 00:41:20,457 - requests_oauthlib.oauth1_auth - DEBUG - Updated url: https://stream.twitter.com/1.1/statuses/filter.json?delimited=length
2017-04-06 00:41:20,458 - requests_oauthlib.oauth1_auth - DEBUG - Updated headers: {u'Content-Length': u'39', u'Content-Type': u'application/x-www-form-urlencoded', u'Authorization': u'OAuth oauth_nonce="122952799672780268131491439280", oauth_timestamp="1491439280", oauth_version="1.0", oauth_signature_method="HMAC-SHA1", oauth_consumer_key="9ywytMVXKVsRxZQA94DyIlVx4", oauth_token="841083468222193665-BcvJNY8PvGto5SjYRh1pCDxKOYcJSj3", oauth_signature="97QBC6VKzTqprLbQDDNrHVSNbJw%3D"'}
2017-04-06 00:41:20,458 - requests_oauthlib.oauth1_auth - DEBUG - Updated body: u'track=a%2Cthe%2Ci%2Cyou%2Cu&language=en'
2017-04-06 00:41:20,460 - requests.packages.urllib3.connectionpool - INFO - Starting new HTTPS connection (1): stream.twitter.com
2017-04-06 00:41:20,999 - requests.packages.urllib3.connectionpool - DEBUG - "POST /1.1/statuses/filter.json?delimited=length HTTP/1.1" 420 36
2017-04-06 00:42:21,060 - requests_oauthlib.oauth1_auth - DEBUG - Signing request <PreparedRequest [POST]> using client <Client nonce=None, signature_method=HMAC-SHA1, realm=None, encoding=utf-8, timestamp=None, resource_owner_secret=****, decoding=None, verifier=None, signature_type=AUTH_HEADER, rsa_key=None, resource_owner_key=841083468222193665-BcvJNY8PvGto5SjYRh1pCDxKOYcJSj3, client_secret=****, callback_uri=None, client_key=9ywytMVXKVsRxZQA94DyIlVx4>
2017-04-06 00:42:21,061 - requests_oauthlib.oauth1_auth - DEBUG - Including body in call to sign: True
2017-04-06 00:42:21,062 - oauthlib.oauth1.rfc5849 - DEBUG - Collected params: [(u'delimited', u'length'), (u'oauth_nonce', u'94323668639607793381491439341'), (u'oauth_timestamp', u'1491439341'), (u'oauth_consumer_key', u'9ywytMVXKVsRxZQA94DyIlVx4'), (u'oauth_signature_method', u'HMAC-SHA1'), (u'oauth_version', u'1.0'), (u'oauth_token', u'841083468222193665-BcvJNY8PvGto5SjYRh1pCDxKOYcJSj3'), (u'track', u'a,the,i,you,u'), (u'language', u'en')]
2017-04-06 00:42:21,062 - oauthlib.oauth1.rfc5849 - DEBUG - Normalized params: delimited=length&language=en&oauth_consumer_key=9ywytMVXKVsRxZQA94DyIlVx4&oauth_nonce=94323668639607793381491439341&oauth_signature_method=HMAC-SHA1&oauth_timestamp=1491439341&oauth_token=841083468222193665-BcvJNY8PvGto5SjYRh1pCDxKOYcJSj3&oauth_version=1.0&track=a%2Cthe%2Ci%2Cyou%2Cu
2017-04-06 00:42:21,063 - oauthlib.oauth1.rfc5849 - DEBUG - Normalized URI: https://stream.twitter.com/1.1/statuses/filter.json
2017-04-06 00:42:21,063 - oauthlib.oauth1.rfc5849 - DEBUG - Base signing string: POST&https%3A%2F%2Fstream.twitter.com%2F1.1%2Fstatuses%2Ffilter.json&delimited%3Dlength%26language%3Den%26oauth_consumer_key%3D9ywytMVXKVsRxZQA94DyIlVx4%26oauth_nonce%3D94323668639607793381491439341%26oauth_signature_method%3DHMAC-SHA1%26oauth_timestamp%3D1491439341%26oauth_token%3D841083468222193665-BcvJNY8PvGto5SjYRh1pCDxKOYcJSj3%26oauth_version%3D1.0%26track%3Da%252Cthe%252Ci%252Cyou%252Cu
2017-04-06 00:42:21,063 - oauthlib.oauth1.rfc5849 - DEBUG - Signature: 2yoMdSsiZgcp25jZ+I7B0y7x6hE=
2017-04-06 00:42:21,064 - requests_oauthlib.oauth1_auth - DEBUG - Updated url: https://stream.twitter.com/1.1/statuses/filter.json?delimited=length
2017-04-06 00:42:21,064 - requests_oauthlib.oauth1_auth - DEBUG - Updated headers: {u'Content-Length': u'39', u'Content-Type': u'application/x-www-form-urlencoded', u'Authorization': u'OAuth oauth_nonce="94323668639607793381491439341", oauth_timestamp="1491439341", oauth_version="1.0", oauth_signature_method="HMAC-SHA1", oauth_consumer_key="9ywytMVXKVsRxZQA94DyIlVx4", oauth_token="841083468222193665-BcvJNY8PvGto5SjYRh1pCDxKOYcJSj3", oauth_signature="2yoMdSsiZgcp25jZ%2BI7B0y7x6hE%3D"'}
2017-04-06 00:42:21,064 - requests_oauthlib.oauth1_auth - DEBUG - Updated body: u'track=a%2Cthe%2Ci%2Cyou%2Cu&language=en'
2017-04-06 00:42:21,065 - requests.packages.urllib3.connectionpool - INFO - Starting new HTTPS connection (2): stream.twitter.com
2017-04-06 00:42:21,438 - requests.packages.urllib3.connectionpool - DEBUG - "POST /1.1/statuses/filter.json?delimited=length HTTP/1.1" 420 36
2017-04-06 00:44:21,542 - requests_oauthlib.oauth1_auth - DEBUG - Signing request <PreparedRequest [POST]> using client <Client nonce=None, signature_method=HMAC-SHA1, realm=None, encoding=utf-8, timestamp=None, resource_owner_secret=****, decoding=None, verifier=None, signature_type=AUTH_HEADER, rsa_key=None, resource_owner_key=841083468222193665-BcvJNY8PvGto5SjYRh1pCDxKOYcJSj3, client_secret=****, callback_uri=None, client_key=9ywytMVXKVsRxZQA94DyIlVx4>
2017-04-06 00:44:21,542 - requests_oauthlib.oauth1_auth - DEBUG - Including body in call to sign: True
2017-04-06 00:44:21,544 - oauthlib.oauth1.rfc5849 - DEBUG - Collected params: [(u'delimited', u'length'), (u'oauth_nonce', u'159123925021819275251491439461'), (u'oauth_timestamp', u'1491439461'), (u'oauth_consumer_key', u'9ywytMVXKVsRxZQA94DyIlVx4'), (u'oauth_signature_method', u'HMAC-SHA1'), (u'oauth_version', u'1.0'), (u'oauth_token', u'841083468222193665-BcvJNY8PvGto5SjYRh1pCDxKOYcJSj3'), (u'track', u'a,the,i,you,u'), (u'language', u'en')]
2017-04-06 00:44:21,547 - oauthlib.oauth1.rfc5849 - DEBUG - Normalized params: delimited=length&language=en&oauth_consumer_key=9ywytMVXKVsRxZQA94DyIlVx4&oauth_nonce=159123925021819275251491439461&oauth_signature_method=HMAC-SHA1&oauth_timestamp=1491439461&oauth_token=841083468222193665-BcvJNY8PvGto5SjYRh1pCDxKOYcJSj3&oauth_version=1.0&track=a%2Cthe%2Ci%2Cyou%2Cu
2017-04-06 00:44:21,547 - oauthlib.oauth1.rfc5849 - DEBUG - Normalized URI: https://stream.twitter.com/1.1/statuses/filter.json
2017-04-06 00:44:21,547 - oauthlib.oauth1.rfc5849 - DEBUG - Base signing string: POST&https%3A%2F%2Fstream.twitter.com%2F1.1%2Fstatuses%2Ffilter.json&delimited%3Dlength%26language%3Den%26oauth_consumer_key%3D9ywytMVXKVsRxZQA94DyIlVx4%26oauth_nonce%3D159123925021819275251491439461%26oauth_signature_method%3DHMAC-SHA1%26oauth_timestamp%3D1491439461%26oauth_token%3D841083468222193665-BcvJNY8PvGto5SjYRh1pCDxKOYcJSj3%26oauth_version%3D1.0%26track%3Da%252Cthe%252Ci%252Cyou%252Cu
2017-04-06 00:44:21,548 - oauthlib.oauth1.rfc5849 - DEBUG - Signature: n0sAb3T3pNdDIlwMnd0B+16/lhg=
2017-04-06 00:44:21,548 - requests_oauthlib.oauth1_auth - DEBUG - Updated url: https://stream.twitter.com/1.1/statuses/filter.json?delimited=length
2017-04-06 00:44:21,548 - requests_oauthlib.oauth1_auth - DEBUG - Updated headers: {u'Content-Length': u'39', u'Content-Type': u'application/x-www-form-urlencoded', u'Authorization': u'OAuth oauth_nonce="159123925021819275251491439461", oauth_timestamp="1491439461", oauth_version="1.0", oauth_signature_method="HMAC-SHA1", oauth_consumer_key="9ywytMVXKVsRxZQA94DyIlVx4", oauth_token="841083468222193665-BcvJNY8PvGto5SjYRh1pCDxKOYcJSj3", oauth_signature="n0sAb3T3pNdDIlwMnd0B%2B16%2Flhg%3D"'}
2017-04-06 00:44:21,549 - requests_oauthlib.oauth1_auth - DEBUG - Updated body: u'track=a%2Cthe%2Ci%2Cyou%2Cu&language=en'
2017-04-06 00:44:21,551 - requests.packages.urllib3.connectionpool - INFO - Starting new HTTPS connection (3): stream.twitter.com
2017-04-06 00:44:21,681 - requests.packages.urllib3.connectionpool - DEBUG - "POST /1.1/statuses/filter.json?delimited=length HTTP/1.1" 420 36
2017-04-06 00:48:21,784 - requests_oauthlib.oauth1_auth - DEBUG - Signing request <PreparedRequest [POST]> using client <Client nonce=None, signature_method=HMAC-SHA1, realm=None, encoding=utf-8, timestamp=None, resource_owner_secret=****, decoding=None, verifier=None, signature_type=AUTH_HEADER, rsa_key=None, resource_owner_key=841083468222193665-BcvJNY8PvGto5SjYRh1pCDxKOYcJSj3, client_secret=****, callback_uri=None, client_key=9ywytMVXKVsRxZQA94DyIlVx4>
2017-04-06 00:48:21,785 - requests_oauthlib.oauth1_auth - DEBUG - Including body in call to sign: True
2017-04-06 00:48:21,786 - oauthlib.oauth1.rfc5849 - DEBUG - Collected params: [(u'delimited', u'length'), (u'oauth_nonce', u'71149881183589062351491439701'), (u'oauth_timestamp', u'1491439701'), (u'oauth_consumer_key', u'9ywytMVXKVsRxZQA94DyIlVx4'), (u'oauth_signature_method', u'HMAC-SHA1'), (u'oauth_version', u'1.0'), (u'oauth_token', u'841083468222193665-BcvJNY8PvGto5SjYRh1pCDxKOYcJSj3'), (u'track', u'a,the,i,you,u'), (u'language', u'en')]
2017-04-06 00:48:21,787 - oauthlib.oauth1.rfc5849 - DEBUG - Normalized params: delimited=length&language=en&oauth_consumer_key=9ywytMVXKVsRxZQA94DyIlVx4&oauth_nonce=71149881183589062351491439701&oauth_signature_method=HMAC-SHA1&oauth_timestamp=1491439701&oauth_token=841083468222193665-BcvJNY8PvGto5SjYRh1pCDxKOYcJSj3&oauth_version=1.0&track=a%2Cthe%2Ci%2Cyou%2Cu
2017-04-06 00:48:21,787 - oauthlib.oauth1.rfc5849 - DEBUG - Normalized URI: https://stream.twitter.com/1.1/statuses/filter.json
2017-04-06 00:48:21,787 - oauthlib.oauth1.rfc5849 - DEBUG - Base signing string: POST&https%3A%2F%2Fstream.twitter.com%2F1.1%2Fstatuses%2Ffilter.json&delimited%3Dlength%26language%3Den%26oauth_consumer_key%3D9ywytMVXKVsRxZQA94DyIlVx4%26oauth_nonce%3D71149881183589062351491439701%26oauth_signature_method%3DHMAC-SHA1%26oauth_timestamp%3D1491439701%26oauth_token%3D841083468222193665-BcvJNY8PvGto5SjYRh1pCDxKOYcJSj3%26oauth_version%3D1.0%26track%3Da%252Cthe%252Ci%252Cyou%252Cu
2017-04-06 00:48:21,788 - oauthlib.oauth1.rfc5849 - DEBUG - Signature: 0MvI+g3KwXlUtB7ig7NEpYE0PJ8=
2017-04-06 00:48:21,788 - requests_oauthlib.oauth1_auth - DEBUG - Updated url: https://stream.twitter.com/1.1/statuses/filter.json?delimited=length
2017-04-06 00:48:21,788 - requests_oauthlib.oauth1_auth - DEBUG - Updated headers: {u'Content-Length': u'39', u'Content-Type': u'application/x-www-form-urlencoded', u'Authorization': u'OAuth oauth_nonce="71149881183589062351491439701", oauth_timestamp="1491439701", oauth_version="1.0", oauth_signature_method="HMAC-SHA1", oauth_consumer_key="9ywytMVXKVsRxZQA94DyIlVx4", oauth_token="841083468222193665-BcvJNY8PvGto5SjYRh1pCDxKOYcJSj3", oauth_signature="0MvI%2Bg3KwXlUtB7ig7NEpYE0PJ8%3D"'}
2017-04-06 00:48:21,788 - requests_oauthlib.oauth1_auth - DEBUG - Updated body: u'track=a%2Cthe%2Ci%2Cyou%2Cu&language=en'
2017-04-06 00:48:21,789 - requests.packages.urllib3.connectionpool - INFO - Starting new HTTPS connection (4): stream.twitter.com
2017-04-06 00:48:22,068 - requests.packages.urllib3.connectionpool - DEBUG - "POST /1.1/statuses/filter.json?delimited=length HTTP/1.1" 420 36
2017-04-06 00:53:42,172 - requests_oauthlib.oauth1_auth - DEBUG - Signing request <PreparedRequest [POST]> using client <Client nonce=None, signature_method=HMAC-SHA1, realm=None, encoding=utf-8, timestamp=None, resource_owner_secret=****, decoding=None, verifier=None, signature_type=AUTH_HEADER, rsa_key=None, resource_owner_key=841083468222193665-BcvJNY8PvGto5SjYRh1pCDxKOYcJSj3, client_secret=****, callback_uri=None, client_key=9ywytMVXKVsRxZQA94DyIlVx4>
2017-04-06 00:53:42,173 - requests_oauthlib.oauth1_auth - DEBUG - Including body in call to sign: True
2017-04-06 00:53:42,176 - oauthlib.oauth1.rfc5849 - DEBUG - Collected params: [(u'delimited', u'length'), (u'oauth_nonce', u'34049829697419845051491440022'), (u'oauth_timestamp', u'1491440022'), (u'oauth_consumer_key', u'9ywytMVXKVsRxZQA94DyIlVx4'), (u'oauth_signature_method', u'HMAC-SHA1'), (u'oauth_version', u'1.0'), (u'oauth_token', u'841083468222193665-BcvJNY8PvGto5SjYRh1pCDxKOYcJSj3'), (u'track', u'a,the,i,you,u'), (u'language', u'en')]
2017-04-06 00:53:42,177 - oauthlib.oauth1.rfc5849 - DEBUG - Normalized params: delimited=length&language=en&oauth_consumer_key=9ywytMVXKVsRxZQA94DyIlVx4&oauth_nonce=34049829697419845051491440022&oauth_signature_method=HMAC-SHA1&oauth_timestamp=1491440022&oauth_token=841083468222193665-BcvJNY8PvGto5SjYRh1pCDxKOYcJSj3&oauth_version=1.0&track=a%2Cthe%2Ci%2Cyou%2Cu
2017-04-06 00:53:42,177 - oauthlib.oauth1.rfc5849 - DEBUG - Normalized URI: https://stream.twitter.com/1.1/statuses/filter.json
2017-04-06 00:53:42,177 - oauthlib.oauth1.rfc5849 - DEBUG - Base signing string: POST&https%3A%2F%2Fstream.twitter.com%2F1.1%2Fstatuses%2Ffilter.json&delimited%3Dlength%26language%3Den%26oauth_consumer_key%3D9ywytMVXKVsRxZQA94DyIlVx4%26oauth_nonce%3D34049829697419845051491440022%26oauth_signature_method%3DHMAC-SHA1%26oauth_timestamp%3D1491440022%26oauth_token%3D841083468222193665-BcvJNY8PvGto5SjYRh1pCDxKOYcJSj3%26oauth_version%3D1.0%26track%3Da%252Cthe%252Ci%252Cyou%252Cu
2017-04-06 00:53:42,178 - oauthlib.oauth1.rfc5849 - DEBUG - Signature: IKi0wtTw2tikLLKVV5QclNiAWcQ=
2017-04-06 00:53:42,178 - requests_oauthlib.oauth1_auth - DEBUG - Updated url: https://stream.twitter.com/1.1/statuses/filter.json?delimited=length
2017-04-06 00:53:42,185 - requests_oauthlib.oauth1_auth - DEBUG - Updated headers: {u'Content-Length': u'39', u'Content-Type': u'application/x-www-form-urlencoded', u'Authorization': u'OAuth oauth_nonce="34049829697419845051491440022", oauth_timestamp="1491440022", oauth_version="1.0", oauth_signature_method="HMAC-SHA1", oauth_consumer_key="9ywytMVXKVsRxZQA94DyIlVx4", oauth_token="841083468222193665-BcvJNY8PvGto5SjYRh1pCDxKOYcJSj3", oauth_signature="IKi0wtTw2tikLLKVV5QclNiAWcQ%3D"'}
2017-04-06 00:53:42,186 - requests_oauthlib.oauth1_auth - DEBUG - Updated body: u'track=a%2Cthe%2Ci%2Cyou%2Cu&language=en'
2017-04-06 00:53:42,186 - requests.packages.urllib3.connectionpool - INFO - Starting new HTTPS connection (5): stream.twitter.com
2017-04-06 00:53:42,479 - requests.packages.urllib3.connectionpool - DEBUG - "POST /1.1/statuses/filter.json?delimited=length HTTP/1.1" 420 36
2017-04-06 00:59:02,584 - requests_oauthlib.oauth1_auth - DEBUG - Signing request <PreparedRequest [POST]> using client <Client nonce=None, signature_method=HMAC-SHA1, realm=None, encoding=utf-8, timestamp=None, resource_owner_secret=****, decoding=None, verifier=None, signature_type=AUTH_HEADER, rsa_key=None, resource_owner_key=841083468222193665-BcvJNY8PvGto5SjYRh1pCDxKOYcJSj3, client_secret=****, callback_uri=None, client_key=9ywytMVXKVsRxZQA94DyIlVx4>
2017-04-06 00:59:02,584 - requests_oauthlib.oauth1_auth - DEBUG - Including body in call to sign: True
2017-04-06 00:59:02,585 - oauthlib.oauth1.rfc5849 - DEBUG - Collected params: [(u'delimited', u'length'), (u'oauth_nonce', u'116217006704092548211491440342'), (u'oauth_timestamp', u'1491440342'), (u'oauth_consumer_key', u'9ywytMVXKVsRxZQA94DyIlVx4'), (u'oauth_signature_method', u'HMAC-SHA1'), (u'oauth_version', u'1.0'), (u'oauth_token', u'841083468222193665-BcvJNY8PvGto5SjYRh1pCDxKOYcJSj3'), (u'track', u'a,the,i,you,u'), (u'language', u'en')]
2017-04-06 00:59:02,586 - oauthlib.oauth1.rfc5849 - DEBUG - Normalized params: delimited=length&language=en&oauth_consumer_key=9ywytMVXKVsRxZQA94DyIlVx4&oauth_nonce=116217006704092548211491440342&oauth_signature_method=HMAC-SHA1&oauth_timestamp=1491440342&oauth_token=841083468222193665-BcvJNY8PvGto5SjYRh1pCDxKOYcJSj3&oauth_version=1.0&track=a%2Cthe%2Ci%2Cyou%2Cu
2017-04-06 00:59:02,586 - oauthlib.oauth1.rfc5849 - DEBUG - Normalized URI: https://stream.twitter.com/1.1/statuses/filter.json
2017-04-06 00:59:02,586 - oauthlib.oauth1.rfc5849 - DEBUG - Base signing string: POST&https%3A%2F%2Fstream.twitter.com%2F1.1%2Fstatuses%2Ffilter.json&delimited%3Dlength%26language%3Den%26oauth_consumer_key%3D9ywytMVXKVsRxZQA94DyIlVx4%26oauth_nonce%3D116217006704092548211491440342%26oauth_signature_method%3DHMAC-SHA1%26oauth_timestamp%3D1491440342%26oauth_token%3D841083468222193665-BcvJNY8PvGto5SjYRh1pCDxKOYcJSj3%26oauth_version%3D1.0%26track%3Da%252Cthe%252Ci%252Cyou%252Cu
2017-04-06 00:59:02,587 - oauthlib.oauth1.rfc5849 - DEBUG - Signature: iLGQ7tD1RPhcB41Hr/bQIXON29I=
2017-04-06 00:59:02,587 - requests_oauthlib.oauth1_auth - DEBUG - Updated url: https://stream.twitter.com/1.1/statuses/filter.json?delimited=length
2017-04-06 00:59:02,587 - requests_oauthlib.oauth1_auth - DEBUG - Updated headers: {u'Content-Length': u'39', u'Content-Type': u'application/x-www-form-urlencoded', u'Authorization': u'OAuth oauth_nonce="116217006704092548211491440342", oauth_timestamp="1491440342", oauth_version="1.0", oauth_signature_method="HMAC-SHA1", oauth_consumer_key="9ywytMVXKVsRxZQA94DyIlVx4", oauth_token="841083468222193665-BcvJNY8PvGto5SjYRh1pCDxKOYcJSj3", oauth_signature="iLGQ7tD1RPhcB41Hr%2FbQIXON29I%3D"'}
2017-04-06 00:59:02,587 - requests_oauthlib.oauth1_auth - DEBUG - Updated body: u'track=a%2Cthe%2Ci%2Cyou%2Cu&language=en'
2017-04-06 00:59:02,588 - requests.packages.urllib3.connectionpool - INFO - Starting new HTTPS connection (6): stream.twitter.com
2017-04-06 00:59:05,396 - requests.packages.urllib3.connectionpool - DEBUG - "POST /1.1/statuses/filter.json?delimited=length HTTP/1.1" 420 36
2017-04-06 01:04:25,500 - requests_oauthlib.oauth1_auth - DEBUG - Signing request <PreparedRequest [POST]> using client <Client nonce=None, signature_method=HMAC-SHA1, realm=None, encoding=utf-8, timestamp=None, resource_owner_secret=****, decoding=None, verifier=None, signature_type=AUTH_HEADER, rsa_key=None, resource_owner_key=841083468222193665-BcvJNY8PvGto5SjYRh1pCDxKOYcJSj3, client_secret=****, callback_uri=None, client_key=9ywytMVXKVsRxZQA94DyIlVx4>
2017-04-06 01:04:25,500 - requests_oauthlib.oauth1_auth - DEBUG - Including body in call to sign: True
2017-04-06 01:04:25,502 - oauthlib.oauth1.rfc5849 - DEBUG - Collected params: [(u'delimited', u'length'), (u'oauth_nonce', u'177654660365303950271491440665'), (u'oauth_timestamp', u'1491440665'), (u'oauth_consumer_key', u'9ywytMVXKVsRxZQA94DyIlVx4'), (u'oauth_signature_method', u'HMAC-SHA1'), (u'oauth_version', u'1.0'), (u'oauth_token', u'841083468222193665-BcvJNY8PvGto5SjYRh1pCDxKOYcJSj3'), (u'track', u'a,the,i,you,u'), (u'language', u'en')]
2017-04-06 01:04:25,502 - oauthlib.oauth1.rfc5849 - DEBUG - Normalized params: delimited=length&language=en&oauth_consumer_key=9ywytMVXKVsRxZQA94DyIlVx4&oauth_nonce=177654660365303950271491440665&oauth_signature_method=HMAC-SHA1&oauth_timestamp=1491440665&oauth_token=841083468222193665-BcvJNY8PvGto5SjYRh1pCDxKOYcJSj3&oauth_version=1.0&track=a%2Cthe%2Ci%2Cyou%2Cu
2017-04-06 01:04:25,502 - oauthlib.oauth1.rfc5849 - DEBUG - Normalized URI: https://stream.twitter.com/1.1/statuses/filter.json
2017-04-06 01:04:25,503 - oauthlib.oauth1.rfc5849 - DEBUG - Base signing string: POST&https%3A%2F%2Fstream.twitter.com%2F1.1%2Fstatuses%2Ffilter.json&delimited%3Dlength%26language%3Den%26oauth_consumer_key%3D9ywytMVXKVsRxZQA94DyIlVx4%26oauth_nonce%3D177654660365303950271491440665%26oauth_signature_method%3DHMAC-SHA1%26oauth_timestamp%3D1491440665%26oauth_token%3D841083468222193665-BcvJNY8PvGto5SjYRh1pCDxKOYcJSj3%26oauth_version%3D1.0%26track%3Da%252Cthe%252Ci%252Cyou%252Cu
2017-04-06 01:04:25,503 - oauthlib.oauth1.rfc5849 - DEBUG - Signature: VFo6l1Ooz8AEh3PmqZSvOeHGnkY=
2017-04-06 01:04:25,504 - requests_oauthlib.oauth1_auth - DEBUG - Updated url: https://stream.twitter.com/1.1/statuses/filter.json?delimited=length
2017-04-06 01:04:25,504 - requests_oauthlib.oauth1_auth - DEBUG - Updated headers: {u'Content-Length': u'39', u'Content-Type': u'application/x-www-form-urlencoded', u'Authorization': u'OAuth oauth_nonce="177654660365303950271491440665", oauth_timestamp="1491440665", oauth_version="1.0", oauth_signature_method="HMAC-SHA1", oauth_consumer_key="9ywytMVXKVsRxZQA94DyIlVx4", oauth_token="841083468222193665-BcvJNY8PvGto5SjYRh1pCDxKOYcJSj3", oauth_signature="VFo6l1Ooz8AEh3PmqZSvOeHGnkY%3D"'}
2017-04-06 01:04:25,504 - requests_oauthlib.oauth1_auth - DEBUG - Updated body: u'track=a%2Cthe%2Ci%2Cyou%2Cu&language=en'
2017-04-06 01:04:25,507 - requests.packages.urllib3.connectionpool - INFO - Starting new HTTPS connection (7): stream.twitter.com
2017-04-06 01:04:25,638 - requests.packages.urllib3.connectionpool - DEBUG - "POST /1.1/statuses/filter.json?delimited=length HTTP/1.1" 420 36
2017-04-06 01:09:45,742 - requests_oauthlib.oauth1_auth - DEBUG - Signing request <PreparedRequest [POST]> using client <Client nonce=None, signature_method=HMAC-SHA1, realm=None, encoding=utf-8, timestamp=None, resource_owner_secret=****, decoding=None, verifier=None, signature_type=AUTH_HEADER, rsa_key=None, resource_owner_key=841083468222193665-BcvJNY8PvGto5SjYRh1pCDxKOYcJSj3, client_secret=****, callback_uri=None, client_key=9ywytMVXKVsRxZQA94DyIlVx4>
2017-04-06 01:09:45,742 - requests_oauthlib.oauth1_auth - DEBUG - Including body in call to sign: True
2017-04-06 01:09:45,743 - oauthlib.oauth1.rfc5849 - DEBUG - Collected params: [(u'delimited', u'length'), (u'oauth_nonce', u'26972132798856310301491440985'), (u'oauth_timestamp', u'1491440985'), (u'oauth_consumer_key', u'9ywytMVXKVsRxZQA94DyIlVx4'), (u'oauth_signature_method', u'HMAC-SHA1'), (u'oauth_version', u'1.0'), (u'oauth_token', u'841083468222193665-BcvJNY8PvGto5SjYRh1pCDxKOYcJSj3'), (u'track', u'a,the,i,you,u'), (u'language', u'en')]
2017-04-06 01:09:45,744 - oauthlib.oauth1.rfc5849 - DEBUG - Normalized params: delimited=length&language=en&oauth_consumer_key=9ywytMVXKVsRxZQA94DyIlVx4&oauth_nonce=26972132798856310301491440985&oauth_signature_method=HMAC-SHA1&oauth_timestamp=1491440985&oauth_token=841083468222193665-BcvJNY8PvGto5SjYRh1pCDxKOYcJSj3&oauth_version=1.0&track=a%2Cthe%2Ci%2Cyou%2Cu
2017-04-06 01:09:45,744 - oauthlib.oauth1.rfc5849 - DEBUG - Normalized URI: https://stream.twitter.com/1.1/statuses/filter.json
2017-04-06 01:09:45,744 - oauthlib.oauth1.rfc5849 - DEBUG - Base signing string: POST&https%3A%2F%2Fstream.twitter.com%2F1.1%2Fstatuses%2Ffilter.json&delimited%3Dlength%26language%3Den%26oauth_consumer_key%3D9ywytMVXKVsRxZQA94DyIlVx4%26oauth_nonce%3D26972132798856310301491440985%26oauth_signature_method%3DHMAC-SHA1%26oauth_timestamp%3D1491440985%26oauth_token%3D841083468222193665-BcvJNY8PvGto5SjYRh1pCDxKOYcJSj3%26oauth_version%3D1.0%26track%3Da%252Cthe%252Ci%252Cyou%252Cu
2017-04-06 01:09:45,745 - oauthlib.oauth1.rfc5849 - DEBUG - Signature: UYchnyOcXh0KajOZgvIvW/U5Nos=
2017-04-06 01:09:45,745 - requests_oauthlib.oauth1_auth - DEBUG - Updated url: https://stream.twitter.com/1.1/statuses/filter.json?delimited=length
2017-04-06 01:09:45,745 - requests_oauthlib.oauth1_auth - DEBUG - Updated headers: {u'Content-Length': u'39', u'Content-Type': u'application/x-www-form-urlencoded', u'Authorization': u'OAuth oauth_nonce="26972132798856310301491440985", oauth_timestamp="1491440985", oauth_version="1.0", oauth_signature_method="HMAC-SHA1", oauth_consumer_key="9ywytMVXKVsRxZQA94DyIlVx4", oauth_token="841083468222193665-BcvJNY8PvGto5SjYRh1pCDxKOYcJSj3", oauth_signature="UYchnyOcXh0KajOZgvIvW%2FU5Nos%3D"'}
2017-04-06 01:09:45,745 - requests_oauthlib.oauth1_auth - DEBUG - Updated body: u'track=a%2Cthe%2Ci%2Cyou%2Cu&language=en'
2017-04-06 01:09:45,746 - requests.packages.urllib3.connectionpool - INFO - Starting new HTTPS connection (8): stream.twitter.com
2017-04-06 01:09:45,913 - requests.packages.urllib3.connectionpool - DEBUG - "POST /1.1/statuses/filter.json?delimited=length HTTP/1.1" 420 36
2017-04-06 01:15:06,018 - requests_oauthlib.oauth1_auth - DEBUG - Signing request <PreparedRequest [POST]> using client <Client nonce=None, signature_method=HMAC-SHA1, realm=None, encoding=utf-8, timestamp=None, resource_owner_secret=****, decoding=None, verifier=None, signature_type=AUTH_HEADER, rsa_key=None, resource_owner_key=841083468222193665-BcvJNY8PvGto5SjYRh1pCDxKOYcJSj3, client_secret=****, callback_uri=None, client_key=9ywytMVXKVsRxZQA94DyIlVx4>
2017-04-06 01:15:06,018 - requests_oauthlib.oauth1_auth - DEBUG - Including body in call to sign: True
2017-04-06 01:15:06,020 - oauthlib.oauth1.rfc5849 - DEBUG - Collected params: [(u'delimited', u'length'), (u'oauth_nonce', u'57793048198457638941491441306'), (u'oauth_timestamp', u'1491441306'), (u'oauth_consumer_key', u'9ywytMVXKVsRxZQA94DyIlVx4'), (u'oauth_signature_method', u'HMAC-SHA1'), (u'oauth_version', u'1.0'), (u'oauth_token', u'841083468222193665-BcvJNY8PvGto5SjYRh1pCDxKOYcJSj3'), (u'track', u'a,the,i,you,u'), (u'language', u'en')]
2017-04-06 01:15:06,020 - oauthlib.oauth1.rfc5849 - DEBUG - Normalized params: delimited=length&language=en&oauth_consumer_key=9ywytMVXKVsRxZQA94DyIlVx4&oauth_nonce=57793048198457638941491441306&oauth_signature_method=HMAC-SHA1&oauth_timestamp=1491441306&oauth_token=841083468222193665-BcvJNY8PvGto5SjYRh1pCDxKOYcJSj3&oauth_version=1.0&track=a%2Cthe%2Ci%2Cyou%2Cu
2017-04-06 01:15:06,020 - oauthlib.oauth1.rfc5849 - DEBUG - Normalized URI: https://stream.twitter.com/1.1/statuses/filter.json
2017-04-06 01:15:06,021 - oauthlib.oauth1.rfc5849 - DEBUG - Base signing string: POST&https%3A%2F%2Fstream.twitter.com%2F1.1%2Fstatuses%2Ffilter.json&delimited%3Dlength%26language%3Den%26oauth_consumer_key%3D9ywytMVXKVsRxZQA94DyIlVx4%26oauth_nonce%3D57793048198457638941491441306%26oauth_signature_method%3DHMAC-SHA1%26oauth_timestamp%3D1491441306%26oauth_token%3D841083468222193665-BcvJNY8PvGto5SjYRh1pCDxKOYcJSj3%26oauth_version%3D1.0%26track%3Da%252Cthe%252Ci%252Cyou%252Cu
2017-04-06 01:15:06,021 - oauthlib.oauth1.rfc5849 - DEBUG - Signature: Q4AySY7X0l+ReC4TV/2MlBjTS8Y=
2017-04-06 01:15:06,026 - requests_oauthlib.oauth1_auth - DEBUG - Updated url: https://stream.twitter.com/1.1/statuses/filter.json?delimited=length
2017-04-06 01:15:06,027 - requests_oauthlib.oauth1_auth - DEBUG - Updated headers: {u'Content-Length': u'39', u'Content-Type': u'application/x-www-form-urlencoded', u'Authorization': u'OAuth oauth_nonce="57793048198457638941491441306", oauth_timestamp="1491441306", oauth_version="1.0", oauth_signature_method="HMAC-SHA1", oauth_consumer_key="9ywytMVXKVsRxZQA94DyIlVx4", oauth_token="841083468222193665-BcvJNY8PvGto5SjYRh1pCDxKOYcJSj3", oauth_signature="Q4AySY7X0l%2BReC4TV%2F2MlBjTS8Y%3D"'}
2017-04-06 01:15:06,027 - requests_oauthlib.oauth1_auth - DEBUG - Updated body: u'track=a%2Cthe%2Ci%2Cyou%2Cu&language=en'
2017-04-06 01:15:06,028 - requests.packages.urllib3.connectionpool - INFO - Starting new HTTPS connection (9): stream.twitter.com
2017-04-06 01:15:06,195 - requests.packages.urllib3.connectionpool - DEBUG - "POST /1.1/statuses/filter.json?delimited=length HTTP/1.1" 200 None
2017-04-06 01:20:19,150 - streamparse.storm.component - ERROR - Received EOF while trying to read stdin from Storm, pipe appears to be broken, exiting.
