2017-04-05 23:01:22,859 - requests_oauthlib.oauth1_auth - DEBUG - Signing request <PreparedRequest [POST]> using client <Client nonce=None, signature_method=HMAC-SHA1, realm=None, encoding=utf-8, timestamp=None, resource_owner_secret=****, decoding=None, verifier=None, signature_type=AUTH_HEADER, rsa_key=None, resource_owner_key=841083468222193665-BcvJNY8PvGto5SjYRh1pCDxKOYcJSj3, client_secret=****, callback_uri=None, client_key=9ywytMVXKVsRxZQA94DyIlVx4>
2017-04-05 23:01:22,892 - requests_oauthlib.oauth1_auth - DEBUG - Including body in call to sign: True
2017-04-05 23:01:22,895 - oauthlib.oauth1.rfc5849 - DEBUG - Collected params: [(u'delimited', u'length'), (u'oauth_nonce', u'146845539671117785011491433282'), (u'oauth_timestamp', u'1491433282'), (u'oauth_consumer_key', u'9ywytMVXKVsRxZQA94DyIlVx4'), (u'oauth_signature_method', u'HMAC-SHA1'), (u'oauth_version', u'1.0'), (u'oauth_token', u'841083468222193665-BcvJNY8PvGto5SjYRh1pCDxKOYcJSj3'), (u'track', u'a,the,i,you,u'), (u'language', u'en')]
2017-04-05 23:01:22,895 - oauthlib.oauth1.rfc5849 - DEBUG - Normalized params: delimited=length&language=en&oauth_consumer_key=9ywytMVXKVsRxZQA94DyIlVx4&oauth_nonce=146845539671117785011491433282&oauth_signature_method=HMAC-SHA1&oauth_timestamp=1491433282&oauth_token=841083468222193665-BcvJNY8PvGto5SjYRh1pCDxKOYcJSj3&oauth_version=1.0&track=a%2Cthe%2Ci%2Cyou%2Cu
2017-04-05 23:01:22,896 - oauthlib.oauth1.rfc5849 - DEBUG - Normalized URI: https://stream.twitter.com/1.1/statuses/filter.json
2017-04-05 23:01:22,896 - oauthlib.oauth1.rfc5849 - DEBUG - Base signing string: POST&https%3A%2F%2Fstream.twitter.com%2F1.1%2Fstatuses%2Ffilter.json&delimited%3Dlength%26language%3Den%26oauth_consumer_key%3D9ywytMVXKVsRxZQA94DyIlVx4%26oauth_nonce%3D146845539671117785011491433282%26oauth_signature_method%3DHMAC-SHA1%26oauth_timestamp%3D1491433282%26oauth_token%3D841083468222193665-BcvJNY8PvGto5SjYRh1pCDxKOYcJSj3%26oauth_version%3D1.0%26track%3Da%252Cthe%252Ci%252Cyou%252Cu
2017-04-05 23:01:22,923 - oauthlib.oauth1.rfc5849 - DEBUG - Signature: R//r2H/AS6s86azHtxukgOCXKa0=
2017-04-05 23:01:22,925 - requests_oauthlib.oauth1_auth - DEBUG - Updated url: https://stream.twitter.com/1.1/statuses/filter.json?delimited=length
2017-04-05 23:01:22,925 - requests_oauthlib.oauth1_auth - DEBUG - Updated headers: {u'Content-Length': u'39', u'Content-Type': u'application/x-www-form-urlencoded', u'Authorization': u'OAuth oauth_nonce="146845539671117785011491433282", oauth_timestamp="1491433282", oauth_version="1.0", oauth_signature_method="HMAC-SHA1", oauth_consumer_key="9ywytMVXKVsRxZQA94DyIlVx4", oauth_token="841083468222193665-BcvJNY8PvGto5SjYRh1pCDxKOYcJSj3", oauth_signature="R%2F%2Fr2H%2FAS6s86azHtxukgOCXKa0%3D"'}
2017-04-05 23:01:22,925 - requests_oauthlib.oauth1_auth - DEBUG - Updated body: u'track=a%2Cthe%2Ci%2Cyou%2Cu&language=en'
2017-04-05 23:01:22,958 - requests.packages.urllib3.connectionpool - INFO - Starting new HTTPS connection (1): stream.twitter.com
2017-04-05 23:01:23,378 - requests.packages.urllib3.connectionpool - DEBUG - "POST /1.1/statuses/filter.json?delimited=length HTTP/1.1" 420 36
2017-04-05 23:02:23,440 - requests_oauthlib.oauth1_auth - DEBUG - Signing request <PreparedRequest [POST]> using client <Client nonce=None, signature_method=HMAC-SHA1, realm=None, encoding=utf-8, timestamp=None, resource_owner_secret=****, decoding=None, verifier=None, signature_type=AUTH_HEADER, rsa_key=None, resource_owner_key=841083468222193665-BcvJNY8PvGto5SjYRh1pCDxKOYcJSj3, client_secret=****, callback_uri=None, client_key=9ywytMVXKVsRxZQA94DyIlVx4>
2017-04-05 23:02:23,441 - requests_oauthlib.oauth1_auth - DEBUG - Including body in call to sign: True
2017-04-05 23:02:23,442 - oauthlib.oauth1.rfc5849 - DEBUG - Collected params: [(u'delimited', u'length'), (u'oauth_nonce', u'120140489348134007851491433343'), (u'oauth_timestamp', u'1491433343'), (u'oauth_consumer_key', u'9ywytMVXKVsRxZQA94DyIlVx4'), (u'oauth_signature_method', u'HMAC-SHA1'), (u'oauth_version', u'1.0'), (u'oauth_token', u'841083468222193665-BcvJNY8PvGto5SjYRh1pCDxKOYcJSj3'), (u'track', u'a,the,i,you,u'), (u'language', u'en')]
2017-04-05 23:02:23,442 - oauthlib.oauth1.rfc5849 - DEBUG - Normalized params: delimited=length&language=en&oauth_consumer_key=9ywytMVXKVsRxZQA94DyIlVx4&oauth_nonce=120140489348134007851491433343&oauth_signature_method=HMAC-SHA1&oauth_timestamp=1491433343&oauth_token=841083468222193665-BcvJNY8PvGto5SjYRh1pCDxKOYcJSj3&oauth_version=1.0&track=a%2Cthe%2Ci%2Cyou%2Cu
2017-04-05 23:02:23,443 - oauthlib.oauth1.rfc5849 - DEBUG - Normalized URI: https://stream.twitter.com/1.1/statuses/filter.json
2017-04-05 23:02:23,443 - oauthlib.oauth1.rfc5849 - DEBUG - Base signing string: POST&https%3A%2F%2Fstream.twitter.com%2F1.1%2Fstatuses%2Ffilter.json&delimited%3Dlength%26language%3Den%26oauth_consumer_key%3D9ywytMVXKVsRxZQA94DyIlVx4%26oauth_nonce%3D120140489348134007851491433343%26oauth_signature_method%3DHMAC-SHA1%26oauth_timestamp%3D1491433343%26oauth_token%3D841083468222193665-BcvJNY8PvGto5SjYRh1pCDxKOYcJSj3%26oauth_version%3D1.0%26track%3Da%252Cthe%252Ci%252Cyou%252Cu
2017-04-05 23:02:23,444 - oauthlib.oauth1.rfc5849 - DEBUG - Signature: vHExvf+GToXMc8HewE1cBiW+xmA=
2017-04-05 23:02:23,445 - requests_oauthlib.oauth1_auth - DEBUG - Updated url: https://stream.twitter.com/1.1/statuses/filter.json?delimited=length
2017-04-05 23:02:23,445 - requests_oauthlib.oauth1_auth - DEBUG - Updated headers: {u'Content-Length': u'39', u'Content-Type': u'application/x-www-form-urlencoded', u'Authorization': u'OAuth oauth_nonce="120140489348134007851491433343", oauth_timestamp="1491433343", oauth_version="1.0", oauth_signature_method="HMAC-SHA1", oauth_consumer_key="9ywytMVXKVsRxZQA94DyIlVx4", oauth_token="841083468222193665-BcvJNY8PvGto5SjYRh1pCDxKOYcJSj3", oauth_signature="vHExvf%2BGToXMc8HewE1cBiW%2BxmA%3D"'}
2017-04-05 23:02:23,445 - requests_oauthlib.oauth1_auth - DEBUG - Updated body: u'track=a%2Cthe%2Ci%2Cyou%2Cu&language=en'
2017-04-05 23:02:23,446 - requests.packages.urllib3.connectionpool - INFO - Starting new HTTPS connection (2): stream.twitter.com
2017-04-05 23:02:23,887 - requests.packages.urllib3.connectionpool - DEBUG - "POST /1.1/statuses/filter.json?delimited=length HTTP/1.1" 420 36
2017-04-05 23:02:24,330 - streamparse.storm.component - ERROR - Received EOF while trying to read stdin from Storm, pipe appears to be broken, exiting.
2017-04-05 23:04:23,991 - requests_oauthlib.oauth1_auth - DEBUG - Signing request <PreparedRequest [POST]> using client <Client nonce=None, signature_method=HMAC-SHA1, realm=None, encoding=utf-8, timestamp=None, resource_owner_secret=****, decoding=None, verifier=None, signature_type=AUTH_HEADER, rsa_key=None, resource_owner_key=841083468222193665-BcvJNY8PvGto5SjYRh1pCDxKOYcJSj3, client_secret=****, callback_uri=None, client_key=9ywytMVXKVsRxZQA94DyIlVx4>
2017-04-05 23:04:23,991 - requests_oauthlib.oauth1_auth - DEBUG - Including body in call to sign: True
2017-04-05 23:04:23,993 - oauthlib.oauth1.rfc5849 - DEBUG - Collected params: [(u'delimited', u'length'), (u'oauth_nonce', u'149984650553588903811491433463'), (u'oauth_timestamp', u'1491433463'), (u'oauth_consumer_key', u'9ywytMVXKVsRxZQA94DyIlVx4'), (u'oauth_signature_method', u'HMAC-SHA1'), (u'oauth_version', u'1.0'), (u'oauth_token', u'841083468222193665-BcvJNY8PvGto5SjYRh1pCDxKOYcJSj3'), (u'track', u'a,the,i,you,u'), (u'language', u'en')]
2017-04-05 23:04:23,993 - oauthlib.oauth1.rfc5849 - DEBUG - Normalized params: delimited=length&language=en&oauth_consumer_key=9ywytMVXKVsRxZQA94DyIlVx4&oauth_nonce=149984650553588903811491433463&oauth_signature_method=HMAC-SHA1&oauth_timestamp=1491433463&oauth_token=841083468222193665-BcvJNY8PvGto5SjYRh1pCDxKOYcJSj3&oauth_version=1.0&track=a%2Cthe%2Ci%2Cyou%2Cu
2017-04-05 23:04:23,993 - oauthlib.oauth1.rfc5849 - DEBUG - Normalized URI: https://stream.twitter.com/1.1/statuses/filter.json
2017-04-05 23:04:23,993 - oauthlib.oauth1.rfc5849 - DEBUG - Base signing string: POST&https%3A%2F%2Fstream.twitter.com%2F1.1%2Fstatuses%2Ffilter.json&delimited%3Dlength%26language%3Den%26oauth_consumer_key%3D9ywytMVXKVsRxZQA94DyIlVx4%26oauth_nonce%3D149984650553588903811491433463%26oauth_signature_method%3DHMAC-SHA1%26oauth_timestamp%3D1491433463%26oauth_token%3D841083468222193665-BcvJNY8PvGto5SjYRh1pCDxKOYcJSj3%26oauth_version%3D1.0%26track%3Da%252Cthe%252Ci%252Cyou%252Cu
2017-04-05 23:04:23,994 - oauthlib.oauth1.rfc5849 - DEBUG - Signature: M3NrPtWGQTCzTtdpIS1B3aNNVgM=
2017-04-05 23:04:23,994 - requests_oauthlib.oauth1_auth - DEBUG - Updated url: https://stream.twitter.com/1.1/statuses/filter.json?delimited=length
2017-04-05 23:04:23,995 - requests_oauthlib.oauth1_auth - DEBUG - Updated headers: {u'Content-Length': u'39', u'Content-Type': u'application/x-www-form-urlencoded', u'Authorization': u'OAuth oauth_nonce="149984650553588903811491433463", oauth_timestamp="1491433463", oauth_version="1.0", oauth_signature_method="HMAC-SHA1", oauth_consumer_key="9ywytMVXKVsRxZQA94DyIlVx4", oauth_token="841083468222193665-BcvJNY8PvGto5SjYRh1pCDxKOYcJSj3", oauth_signature="M3NrPtWGQTCzTtdpIS1B3aNNVgM%3D"'}
2017-04-05 23:04:23,995 - requests_oauthlib.oauth1_auth - DEBUG - Updated body: u'track=a%2Cthe%2Ci%2Cyou%2Cu&language=en'
2017-04-05 23:04:23,995 - requests.packages.urllib3.connectionpool - INFO - Starting new HTTPS connection (3): stream.twitter.com
2017-04-05 23:04:24,368 - requests.packages.urllib3.connectionpool - DEBUG - "POST /1.1/statuses/filter.json?delimited=length HTTP/1.1" 420 36
2017-04-05 23:08:24,473 - requests_oauthlib.oauth1_auth - DEBUG - Signing request <PreparedRequest [POST]> using client <Client nonce=None, signature_method=HMAC-SHA1, realm=None, encoding=utf-8, timestamp=None, resource_owner_secret=****, decoding=None, verifier=None, signature_type=AUTH_HEADER, rsa_key=None, resource_owner_key=841083468222193665-BcvJNY8PvGto5SjYRh1pCDxKOYcJSj3, client_secret=****, callback_uri=None, client_key=9ywytMVXKVsRxZQA94DyIlVx4>
2017-04-05 23:08:24,473 - requests_oauthlib.oauth1_auth - DEBUG - Including body in call to sign: True
2017-04-05 23:08:24,475 - oauthlib.oauth1.rfc5849 - DEBUG - Collected params: [(u'delimited', u'length'), (u'oauth_nonce', u'30497554014589955671491433704'), (u'oauth_timestamp', u'1491433704'), (u'oauth_consumer_key', u'9ywytMVXKVsRxZQA94DyIlVx4'), (u'oauth_signature_method', u'HMAC-SHA1'), (u'oauth_version', u'1.0'), (u'oauth_token', u'841083468222193665-BcvJNY8PvGto5SjYRh1pCDxKOYcJSj3'), (u'track', u'a,the,i,you,u'), (u'language', u'en')]
2017-04-05 23:08:24,475 - oauthlib.oauth1.rfc5849 - DEBUG - Normalized params: delimited=length&language=en&oauth_consumer_key=9ywytMVXKVsRxZQA94DyIlVx4&oauth_nonce=30497554014589955671491433704&oauth_signature_method=HMAC-SHA1&oauth_timestamp=1491433704&oauth_token=841083468222193665-BcvJNY8PvGto5SjYRh1pCDxKOYcJSj3&oauth_version=1.0&track=a%2Cthe%2Ci%2Cyou%2Cu
2017-04-05 23:08:24,475 - oauthlib.oauth1.rfc5849 - DEBUG - Normalized URI: https://stream.twitter.com/1.1/statuses/filter.json
2017-04-05 23:08:24,476 - oauthlib.oauth1.rfc5849 - DEBUG - Base signing string: POST&https%3A%2F%2Fstream.twitter.com%2F1.1%2Fstatuses%2Ffilter.json&delimited%3Dlength%26language%3Den%26oauth_consumer_key%3D9ywytMVXKVsRxZQA94DyIlVx4%26oauth_nonce%3D30497554014589955671491433704%26oauth_signature_method%3DHMAC-SHA1%26oauth_timestamp%3D1491433704%26oauth_token%3D841083468222193665-BcvJNY8PvGto5SjYRh1pCDxKOYcJSj3%26oauth_version%3D1.0%26track%3Da%252Cthe%252Ci%252Cyou%252Cu
2017-04-05 23:08:24,476 - oauthlib.oauth1.rfc5849 - DEBUG - Signature: UR5qWkdQSlqtvSwI5v+31H1CGno=
2017-04-05 23:08:24,476 - requests_oauthlib.oauth1_auth - DEBUG - Updated url: https://stream.twitter.com/1.1/statuses/filter.json?delimited=length
2017-04-05 23:08:24,476 - requests_oauthlib.oauth1_auth - DEBUG - Updated headers: {u'Content-Length': u'39', u'Content-Type': u'application/x-www-form-urlencoded', u'Authorization': u'OAuth oauth_nonce="30497554014589955671491433704", oauth_timestamp="1491433704", oauth_version="1.0", oauth_signature_method="HMAC-SHA1", oauth_consumer_key="9ywytMVXKVsRxZQA94DyIlVx4", oauth_token="841083468222193665-BcvJNY8PvGto5SjYRh1pCDxKOYcJSj3", oauth_signature="UR5qWkdQSlqtvSwI5v%2B31H1CGno%3D"'}
2017-04-05 23:08:24,477 - requests_oauthlib.oauth1_auth - DEBUG - Updated body: u'track=a%2Cthe%2Ci%2Cyou%2Cu&language=en'
2017-04-05 23:08:24,477 - requests.packages.urllib3.connectionpool - INFO - Starting new HTTPS connection (4): stream.twitter.com
2017-04-05 23:08:24,610 - requests.packages.urllib3.connectionpool - DEBUG - "POST /1.1/statuses/filter.json?delimited=length HTTP/1.1" 420 36
2017-04-05 23:13:44,714 - requests_oauthlib.oauth1_auth - DEBUG - Signing request <PreparedRequest [POST]> using client <Client nonce=None, signature_method=HMAC-SHA1, realm=None, encoding=utf-8, timestamp=None, resource_owner_secret=****, decoding=None, verifier=None, signature_type=AUTH_HEADER, rsa_key=None, resource_owner_key=841083468222193665-BcvJNY8PvGto5SjYRh1pCDxKOYcJSj3, client_secret=****, callback_uri=None, client_key=9ywytMVXKVsRxZQA94DyIlVx4>
2017-04-05 23:13:44,714 - requests_oauthlib.oauth1_auth - DEBUG - Including body in call to sign: True
2017-04-05 23:13:44,716 - oauthlib.oauth1.rfc5849 - DEBUG - Collected params: [(u'delimited', u'length'), (u'oauth_nonce', u'93138855424394937171491434024'), (u'oauth_timestamp', u'1491434024'), (u'oauth_consumer_key', u'9ywytMVXKVsRxZQA94DyIlVx4'), (u'oauth_signature_method', u'HMAC-SHA1'), (u'oauth_version', u'1.0'), (u'oauth_token', u'841083468222193665-BcvJNY8PvGto5SjYRh1pCDxKOYcJSj3'), (u'track', u'a,the,i,you,u'), (u'language', u'en')]
2017-04-05 23:13:44,716 - oauthlib.oauth1.rfc5849 - DEBUG - Normalized params: delimited=length&language=en&oauth_consumer_key=9ywytMVXKVsRxZQA94DyIlVx4&oauth_nonce=93138855424394937171491434024&oauth_signature_method=HMAC-SHA1&oauth_timestamp=1491434024&oauth_token=841083468222193665-BcvJNY8PvGto5SjYRh1pCDxKOYcJSj3&oauth_version=1.0&track=a%2Cthe%2Ci%2Cyou%2Cu
2017-04-05 23:13:44,716 - oauthlib.oauth1.rfc5849 - DEBUG - Normalized URI: https://stream.twitter.com/1.1/statuses/filter.json
2017-04-05 23:13:44,717 - oauthlib.oauth1.rfc5849 - DEBUG - Base signing string: POST&https%3A%2F%2Fstream.twitter.com%2F1.1%2Fstatuses%2Ffilter.json&delimited%3Dlength%26language%3Den%26oauth_consumer_key%3D9ywytMVXKVsRxZQA94DyIlVx4%26oauth_nonce%3D93138855424394937171491434024%26oauth_signature_method%3DHMAC-SHA1%26oauth_timestamp%3D1491434024%26oauth_token%3D841083468222193665-BcvJNY8PvGto5SjYRh1pCDxKOYcJSj3%26oauth_version%3D1.0%26track%3Da%252Cthe%252Ci%252Cyou%252Cu
2017-04-05 23:13:44,717 - oauthlib.oauth1.rfc5849 - DEBUG - Signature: 9kSne3W94e03AQzOdnFKhTpzyG8=
2017-04-05 23:13:44,717 - requests_oauthlib.oauth1_auth - DEBUG - Updated url: https://stream.twitter.com/1.1/statuses/filter.json?delimited=length
2017-04-05 23:13:44,718 - requests_oauthlib.oauth1_auth - DEBUG - Updated headers: {u'Content-Length': u'39', u'Content-Type': u'application/x-www-form-urlencoded', u'Authorization': u'OAuth oauth_nonce="93138855424394937171491434024", oauth_timestamp="1491434024", oauth_version="1.0", oauth_signature_method="HMAC-SHA1", oauth_consumer_key="9ywytMVXKVsRxZQA94DyIlVx4", oauth_token="841083468222193665-BcvJNY8PvGto5SjYRh1pCDxKOYcJSj3", oauth_signature="9kSne3W94e03AQzOdnFKhTpzyG8%3D"'}
2017-04-05 23:13:44,718 - requests_oauthlib.oauth1_auth - DEBUG - Updated body: u'track=a%2Cthe%2Ci%2Cyou%2Cu&language=en'
2017-04-05 23:13:44,718 - requests.packages.urllib3.connectionpool - INFO - Starting new HTTPS connection (5): stream.twitter.com
2017-04-05 23:13:44,831 - requests.packages.urllib3.connectionpool - DEBUG - "POST /1.1/statuses/filter.json?delimited=length HTTP/1.1" 200 None
