2017-04-05 01:57:22,717 - requests_oauthlib.oauth1_auth - DEBUG - Signing request <PreparedRequest [POST]> using client <Client nonce=None, signature_method=HMAC-SHA1, realm=None, encoding=utf-8, timestamp=None, resource_owner_secret=****, decoding=None, verifier=None, signature_type=AUTH_HEADER, rsa_key=None, resource_owner_key=841083468222193665-BcvJNY8PvGto5SjYRh1pCDxKOYcJSj3, client_secret=****, callback_uri=None, client_key=9ywytMVXKVsRxZQA94DyIlVx4>
2017-04-05 01:57:22,717 - requests_oauthlib.oauth1_auth - DEBUG - Including body in call to sign: True
2017-04-05 01:57:22,719 - oauthlib.oauth1.rfc5849 - DEBUG - Collected params: [(u'delimited', u'length'), (u'oauth_nonce', u'106211399646365280011491357442'), (u'oauth_timestamp', u'1491357442'), (u'oauth_consumer_key', u'9ywytMVXKVsRxZQA94DyIlVx4'), (u'oauth_signature_method', u'HMAC-SHA1'), (u'oauth_version', u'1.0'), (u'oauth_token', u'841083468222193665-BcvJNY8PvGto5SjYRh1pCDxKOYcJSj3'), (u'track', u'a,the,i,you,u'), (u'language', u'en')]
2017-04-05 01:57:22,726 - oauthlib.oauth1.rfc5849 - DEBUG - Normalized params: delimited=length&language=en&oauth_consumer_key=9ywytMVXKVsRxZQA94DyIlVx4&oauth_nonce=106211399646365280011491357442&oauth_signature_method=HMAC-SHA1&oauth_timestamp=1491357442&oauth_token=841083468222193665-BcvJNY8PvGto5SjYRh1pCDxKOYcJSj3&oauth_version=1.0&track=a%2Cthe%2Ci%2Cyou%2Cu
2017-04-05 01:57:22,726 - oauthlib.oauth1.rfc5849 - DEBUG - Normalized URI: https://stream.twitter.com/1.1/statuses/filter.json
2017-04-05 01:57:22,731 - oauthlib.oauth1.rfc5849 - DEBUG - Base signing string: POST&https%3A%2F%2Fstream.twitter.com%2F1.1%2Fstatuses%2Ffilter.json&delimited%3Dlength%26language%3Den%26oauth_consumer_key%3D9ywytMVXKVsRxZQA94DyIlVx4%26oauth_nonce%3D106211399646365280011491357442%26oauth_signature_method%3DHMAC-SHA1%26oauth_timestamp%3D1491357442%26oauth_token%3D841083468222193665-BcvJNY8PvGto5SjYRh1pCDxKOYcJSj3%26oauth_version%3D1.0%26track%3Da%252Cthe%252Ci%252Cyou%252Cu
2017-04-05 01:57:22,733 - oauthlib.oauth1.rfc5849 - DEBUG - Signature: lE+5aE8dIgjmfM6wjze785WbQzk=
2017-04-05 01:57:22,733 - requests_oauthlib.oauth1_auth - DEBUG - Updated url: https://stream.twitter.com/1.1/statuses/filter.json?delimited=length
2017-04-05 01:57:22,734 - requests_oauthlib.oauth1_auth - DEBUG - Updated headers: {u'Content-Length': u'39', u'Content-Type': u'application/x-www-form-urlencoded', u'Authorization': u'OAuth oauth_nonce="106211399646365280011491357442", oauth_timestamp="1491357442", oauth_version="1.0", oauth_signature_method="HMAC-SHA1", oauth_consumer_key="9ywytMVXKVsRxZQA94DyIlVx4", oauth_token="841083468222193665-BcvJNY8PvGto5SjYRh1pCDxKOYcJSj3", oauth_signature="lE%2B5aE8dIgjmfM6wjze785WbQzk%3D"'}
2017-04-05 01:57:22,735 - requests_oauthlib.oauth1_auth - DEBUG - Updated body: u'track=a%2Cthe%2Ci%2Cyou%2Cu&language=en'
2017-04-05 01:57:22,736 - requests.packages.urllib3.connectionpool - INFO - Starting new HTTPS connection (1): stream.twitter.com
2017-04-05 01:57:22,977 - requests.packages.urllib3.connectionpool - DEBUG - "POST /1.1/statuses/filter.json?delimited=length HTTP/1.1" 420 36
2017-04-05 01:58:23,039 - requests_oauthlib.oauth1_auth - DEBUG - Signing request <PreparedRequest [POST]> using client <Client nonce=None, signature_method=HMAC-SHA1, realm=None, encoding=utf-8, timestamp=None, resource_owner_secret=****, decoding=None, verifier=None, signature_type=AUTH_HEADER, rsa_key=None, resource_owner_key=841083468222193665-BcvJNY8PvGto5SjYRh1pCDxKOYcJSj3, client_secret=****, callback_uri=None, client_key=9ywytMVXKVsRxZQA94DyIlVx4>
2017-04-05 01:58:23,040 - requests_oauthlib.oauth1_auth - DEBUG - Including body in call to sign: True
2017-04-05 01:58:23,041 - oauthlib.oauth1.rfc5849 - DEBUG - Collected params: [(u'delimited', u'length'), (u'oauth_nonce', u'75088628124332451191491357503'), (u'oauth_timestamp', u'1491357503'), (u'oauth_consumer_key', u'9ywytMVXKVsRxZQA94DyIlVx4'), (u'oauth_signature_method', u'HMAC-SHA1'), (u'oauth_version', u'1.0'), (u'oauth_token', u'841083468222193665-BcvJNY8PvGto5SjYRh1pCDxKOYcJSj3'), (u'track', u'a,the,i,you,u'), (u'language', u'en')]
2017-04-05 01:58:23,042 - oauthlib.oauth1.rfc5849 - DEBUG - Normalized params: delimited=length&language=en&oauth_consumer_key=9ywytMVXKVsRxZQA94DyIlVx4&oauth_nonce=75088628124332451191491357503&oauth_signature_method=HMAC-SHA1&oauth_timestamp=1491357503&oauth_token=841083468222193665-BcvJNY8PvGto5SjYRh1pCDxKOYcJSj3&oauth_version=1.0&track=a%2Cthe%2Ci%2Cyou%2Cu
2017-04-05 01:58:23,043 - oauthlib.oauth1.rfc5849 - DEBUG - Normalized URI: https://stream.twitter.com/1.1/statuses/filter.json
2017-04-05 01:58:23,043 - oauthlib.oauth1.rfc5849 - DEBUG - Base signing string: POST&https%3A%2F%2Fstream.twitter.com%2F1.1%2Fstatuses%2Ffilter.json&delimited%3Dlength%26language%3Den%26oauth_consumer_key%3D9ywytMVXKVsRxZQA94DyIlVx4%26oauth_nonce%3D75088628124332451191491357503%26oauth_signature_method%3DHMAC-SHA1%26oauth_timestamp%3D1491357503%26oauth_token%3D841083468222193665-BcvJNY8PvGto5SjYRh1pCDxKOYcJSj3%26oauth_version%3D1.0%26track%3Da%252Cthe%252Ci%252Cyou%252Cu
2017-04-05 01:58:23,043 - oauthlib.oauth1.rfc5849 - DEBUG - Signature: h90FFA6t/2XHXulABNQRk6loYqM=
2017-04-05 01:58:23,044 - requests_oauthlib.oauth1_auth - DEBUG - Updated url: https://stream.twitter.com/1.1/statuses/filter.json?delimited=length
2017-04-05 01:58:23,044 - requests_oauthlib.oauth1_auth - DEBUG - Updated headers: {u'Content-Length': u'39', u'Content-Type': u'application/x-www-form-urlencoded', u'Authorization': u'OAuth oauth_nonce="75088628124332451191491357503", oauth_timestamp="1491357503", oauth_version="1.0", oauth_signature_method="HMAC-SHA1", oauth_consumer_key="9ywytMVXKVsRxZQA94DyIlVx4", oauth_token="841083468222193665-BcvJNY8PvGto5SjYRh1pCDxKOYcJSj3", oauth_signature="h90FFA6t%2F2XHXulABNQRk6loYqM%3D"'}
2017-04-05 01:58:23,044 - requests_oauthlib.oauth1_auth - DEBUG - Updated body: u'track=a%2Cthe%2Ci%2Cyou%2Cu&language=en'
2017-04-05 01:58:23,045 - requests.packages.urllib3.connectionpool - INFO - Starting new HTTPS connection (2): stream.twitter.com
2017-04-05 01:58:23,300 - requests.packages.urllib3.connectionpool - DEBUG - "POST /1.1/statuses/filter.json?delimited=length HTTP/1.1" 420 36
2017-04-05 02:00:23,404 - requests_oauthlib.oauth1_auth - DEBUG - Signing request <PreparedRequest [POST]> using client <Client nonce=None, signature_method=HMAC-SHA1, realm=None, encoding=utf-8, timestamp=None, resource_owner_secret=****, decoding=None, verifier=None, signature_type=AUTH_HEADER, rsa_key=None, resource_owner_key=841083468222193665-BcvJNY8PvGto5SjYRh1pCDxKOYcJSj3, client_secret=****, callback_uri=None, client_key=9ywytMVXKVsRxZQA94DyIlVx4>
2017-04-05 02:00:23,404 - requests_oauthlib.oauth1_auth - DEBUG - Including body in call to sign: True
2017-04-05 02:00:23,410 - oauthlib.oauth1.rfc5849 - DEBUG - Collected params: [(u'delimited', u'length'), (u'oauth_nonce', u'154640189107212516131491357623'), (u'oauth_timestamp', u'1491357623'), (u'oauth_consumer_key', u'9ywytMVXKVsRxZQA94DyIlVx4'), (u'oauth_signature_method', u'HMAC-SHA1'), (u'oauth_version', u'1.0'), (u'oauth_token', u'841083468222193665-BcvJNY8PvGto5SjYRh1pCDxKOYcJSj3'), (u'track', u'a,the,i,you,u'), (u'language', u'en')]
2017-04-05 02:00:23,410 - oauthlib.oauth1.rfc5849 - DEBUG - Normalized params: delimited=length&language=en&oauth_consumer_key=9ywytMVXKVsRxZQA94DyIlVx4&oauth_nonce=154640189107212516131491357623&oauth_signature_method=HMAC-SHA1&oauth_timestamp=1491357623&oauth_token=841083468222193665-BcvJNY8PvGto5SjYRh1pCDxKOYcJSj3&oauth_version=1.0&track=a%2Cthe%2Ci%2Cyou%2Cu
2017-04-05 02:00:23,410 - oauthlib.oauth1.rfc5849 - DEBUG - Normalized URI: https://stream.twitter.com/1.1/statuses/filter.json
2017-04-05 02:00:23,410 - oauthlib.oauth1.rfc5849 - DEBUG - Base signing string: POST&https%3A%2F%2Fstream.twitter.com%2F1.1%2Fstatuses%2Ffilter.json&delimited%3Dlength%26language%3Den%26oauth_consumer_key%3D9ywytMVXKVsRxZQA94DyIlVx4%26oauth_nonce%3D154640189107212516131491357623%26oauth_signature_method%3DHMAC-SHA1%26oauth_timestamp%3D1491357623%26oauth_token%3D841083468222193665-BcvJNY8PvGto5SjYRh1pCDxKOYcJSj3%26oauth_version%3D1.0%26track%3Da%252Cthe%252Ci%252Cyou%252Cu
2017-04-05 02:00:23,411 - oauthlib.oauth1.rfc5849 - DEBUG - Signature: 4DC59jKaFzJgITXDmPqS4IFRyYc=
2017-04-05 02:00:23,411 - requests_oauthlib.oauth1_auth - DEBUG - Updated url: https://stream.twitter.com/1.1/statuses/filter.json?delimited=length
2017-04-05 02:00:23,411 - requests_oauthlib.oauth1_auth - DEBUG - Updated headers: {u'Content-Length': u'39', u'Content-Type': u'application/x-www-form-urlencoded', u'Authorization': u'OAuth oauth_nonce="154640189107212516131491357623", oauth_timestamp="1491357623", oauth_version="1.0", oauth_signature_method="HMAC-SHA1", oauth_consumer_key="9ywytMVXKVsRxZQA94DyIlVx4", oauth_token="841083468222193665-BcvJNY8PvGto5SjYRh1pCDxKOYcJSj3", oauth_signature="4DC59jKaFzJgITXDmPqS4IFRyYc%3D"'}
2017-04-05 02:00:23,412 - requests_oauthlib.oauth1_auth - DEBUG - Updated body: u'track=a%2Cthe%2Ci%2Cyou%2Cu&language=en'
2017-04-05 02:00:23,413 - requests.packages.urllib3.connectionpool - INFO - Starting new HTTPS connection (3): stream.twitter.com
2017-04-05 02:00:23,680 - requests.packages.urllib3.connectionpool - DEBUG - "POST /1.1/statuses/filter.json?delimited=length HTTP/1.1" 420 36
2017-04-05 02:04:23,783 - requests_oauthlib.oauth1_auth - DEBUG - Signing request <PreparedRequest [POST]> using client <Client nonce=None, signature_method=HMAC-SHA1, realm=None, encoding=utf-8, timestamp=None, resource_owner_secret=****, decoding=None, verifier=None, signature_type=AUTH_HEADER, rsa_key=None, resource_owner_key=841083468222193665-BcvJNY8PvGto5SjYRh1pCDxKOYcJSj3, client_secret=****, callback_uri=None, client_key=9ywytMVXKVsRxZQA94DyIlVx4>
2017-04-05 02:04:23,783 - requests_oauthlib.oauth1_auth - DEBUG - Including body in call to sign: True
2017-04-05 02:04:23,784 - oauthlib.oauth1.rfc5849 - DEBUG - Collected params: [(u'delimited', u'length'), (u'oauth_nonce', u'37128950383070926891491357863'), (u'oauth_timestamp', u'1491357863'), (u'oauth_consumer_key', u'9ywytMVXKVsRxZQA94DyIlVx4'), (u'oauth_signature_method', u'HMAC-SHA1'), (u'oauth_version', u'1.0'), (u'oauth_token', u'841083468222193665-BcvJNY8PvGto5SjYRh1pCDxKOYcJSj3'), (u'track', u'a,the,i,you,u'), (u'language', u'en')]
2017-04-05 02:04:23,784 - oauthlib.oauth1.rfc5849 - DEBUG - Normalized params: delimited=length&language=en&oauth_consumer_key=9ywytMVXKVsRxZQA94DyIlVx4&oauth_nonce=37128950383070926891491357863&oauth_signature_method=HMAC-SHA1&oauth_timestamp=1491357863&oauth_token=841083468222193665-BcvJNY8PvGto5SjYRh1pCDxKOYcJSj3&oauth_version=1.0&track=a%2Cthe%2Ci%2Cyou%2Cu
2017-04-05 02:04:23,785 - oauthlib.oauth1.rfc5849 - DEBUG - Normalized URI: https://stream.twitter.com/1.1/statuses/filter.json
2017-04-05 02:04:23,785 - oauthlib.oauth1.rfc5849 - DEBUG - Base signing string: POST&https%3A%2F%2Fstream.twitter.com%2F1.1%2Fstatuses%2Ffilter.json&delimited%3Dlength%26language%3Den%26oauth_consumer_key%3D9ywytMVXKVsRxZQA94DyIlVx4%26oauth_nonce%3D37128950383070926891491357863%26oauth_signature_method%3DHMAC-SHA1%26oauth_timestamp%3D1491357863%26oauth_token%3D841083468222193665-BcvJNY8PvGto5SjYRh1pCDxKOYcJSj3%26oauth_version%3D1.0%26track%3Da%252Cthe%252Ci%252Cyou%252Cu
2017-04-05 02:04:23,785 - oauthlib.oauth1.rfc5849 - DEBUG - Signature: TeU1ClRDRNLtueF8DHzTBkDxp04=
2017-04-05 02:04:23,785 - requests_oauthlib.oauth1_auth - DEBUG - Updated url: https://stream.twitter.com/1.1/statuses/filter.json?delimited=length
2017-04-05 02:04:23,785 - requests_oauthlib.oauth1_auth - DEBUG - Updated headers: {u'Content-Length': u'39', u'Content-Type': u'application/x-www-form-urlencoded', u'Authorization': u'OAuth oauth_nonce="37128950383070926891491357863", oauth_timestamp="1491357863", oauth_version="1.0", oauth_signature_method="HMAC-SHA1", oauth_consumer_key="9ywytMVXKVsRxZQA94DyIlVx4", oauth_token="841083468222193665-BcvJNY8PvGto5SjYRh1pCDxKOYcJSj3", oauth_signature="TeU1ClRDRNLtueF8DHzTBkDxp04%3D"'}
2017-04-05 02:04:23,785 - requests_oauthlib.oauth1_auth - DEBUG - Updated body: u'track=a%2Cthe%2Ci%2Cyou%2Cu&language=en'
2017-04-05 02:04:23,786 - requests.packages.urllib3.connectionpool - INFO - Starting new HTTPS connection (4): stream.twitter.com
2017-04-05 02:04:24,049 - requests.packages.urllib3.connectionpool - DEBUG - "POST /1.1/statuses/filter.json?delimited=length HTTP/1.1" 420 36
2017-04-05 02:09:44,153 - requests_oauthlib.oauth1_auth - DEBUG - Signing request <PreparedRequest [POST]> using client <Client nonce=None, signature_method=HMAC-SHA1, realm=None, encoding=utf-8, timestamp=None, resource_owner_secret=****, decoding=None, verifier=None, signature_type=AUTH_HEADER, rsa_key=None, resource_owner_key=841083468222193665-BcvJNY8PvGto5SjYRh1pCDxKOYcJSj3, client_secret=****, callback_uri=None, client_key=9ywytMVXKVsRxZQA94DyIlVx4>
2017-04-05 02:09:44,153 - requests_oauthlib.oauth1_auth - DEBUG - Including body in call to sign: True
2017-04-05 02:09:44,155 - oauthlib.oauth1.rfc5849 - DEBUG - Collected params: [(u'delimited', u'length'), (u'oauth_nonce', u'11657619169901285181491358184'), (u'oauth_timestamp', u'1491358184'), (u'oauth_consumer_key', u'9ywytMVXKVsRxZQA94DyIlVx4'), (u'oauth_signature_method', u'HMAC-SHA1'), (u'oauth_version', u'1.0'), (u'oauth_token', u'841083468222193665-BcvJNY8PvGto5SjYRh1pCDxKOYcJSj3'), (u'track', u'a,the,i,you,u'), (u'language', u'en')]
2017-04-05 02:09:44,156 - oauthlib.oauth1.rfc5849 - DEBUG - Normalized params: delimited=length&language=en&oauth_consumer_key=9ywytMVXKVsRxZQA94DyIlVx4&oauth_nonce=11657619169901285181491358184&oauth_signature_method=HMAC-SHA1&oauth_timestamp=1491358184&oauth_token=841083468222193665-BcvJNY8PvGto5SjYRh1pCDxKOYcJSj3&oauth_version=1.0&track=a%2Cthe%2Ci%2Cyou%2Cu
2017-04-05 02:09:44,156 - oauthlib.oauth1.rfc5849 - DEBUG - Normalized URI: https://stream.twitter.com/1.1/statuses/filter.json
2017-04-05 02:09:44,157 - oauthlib.oauth1.rfc5849 - DEBUG - Base signing string: POST&https%3A%2F%2Fstream.twitter.com%2F1.1%2Fstatuses%2Ffilter.json&delimited%3Dlength%26language%3Den%26oauth_consumer_key%3D9ywytMVXKVsRxZQA94DyIlVx4%26oauth_nonce%3D11657619169901285181491358184%26oauth_signature_method%3DHMAC-SHA1%26oauth_timestamp%3D1491358184%26oauth_token%3D841083468222193665-BcvJNY8PvGto5SjYRh1pCDxKOYcJSj3%26oauth_version%3D1.0%26track%3Da%252Cthe%252Ci%252Cyou%252Cu
2017-04-05 02:09:44,157 - oauthlib.oauth1.rfc5849 - DEBUG - Signature: BRf5ywIKs7YMPMvBQFUfyOObFOg=
2017-04-05 02:09:44,157 - requests_oauthlib.oauth1_auth - DEBUG - Updated url: https://stream.twitter.com/1.1/statuses/filter.json?delimited=length
2017-04-05 02:09:44,158 - requests_oauthlib.oauth1_auth - DEBUG - Updated headers: {u'Content-Length': u'39', u'Content-Type': u'application/x-www-form-urlencoded', u'Authorization': u'OAuth oauth_nonce="11657619169901285181491358184", oauth_timestamp="1491358184", oauth_version="1.0", oauth_signature_method="HMAC-SHA1", oauth_consumer_key="9ywytMVXKVsRxZQA94DyIlVx4", oauth_token="841083468222193665-BcvJNY8PvGto5SjYRh1pCDxKOYcJSj3", oauth_signature="BRf5ywIKs7YMPMvBQFUfyOObFOg%3D"'}
2017-04-05 02:09:44,158 - requests_oauthlib.oauth1_auth - DEBUG - Updated body: u'track=a%2Cthe%2Ci%2Cyou%2Cu&language=en'
2017-04-05 02:09:44,159 - requests.packages.urllib3.connectionpool - INFO - Starting new HTTPS connection (5): stream.twitter.com
2017-04-05 02:09:44,332 - requests.packages.urllib3.connectionpool - DEBUG - "POST /1.1/statuses/filter.json?delimited=length HTTP/1.1" 420 36
2017-04-05 02:15:04,437 - requests_oauthlib.oauth1_auth - DEBUG - Signing request <PreparedRequest [POST]> using client <Client nonce=None, signature_method=HMAC-SHA1, realm=None, encoding=utf-8, timestamp=None, resource_owner_secret=****, decoding=None, verifier=None, signature_type=AUTH_HEADER, rsa_key=None, resource_owner_key=841083468222193665-BcvJNY8PvGto5SjYRh1pCDxKOYcJSj3, client_secret=****, callback_uri=None, client_key=9ywytMVXKVsRxZQA94DyIlVx4>
2017-04-05 02:15:04,437 - requests_oauthlib.oauth1_auth - DEBUG - Including body in call to sign: True
2017-04-05 02:15:04,438 - oauthlib.oauth1.rfc5849 - DEBUG - Collected params: [(u'delimited', u'length'), (u'oauth_nonce', u'9466561171647694971491358504'), (u'oauth_timestamp', u'1491358504'), (u'oauth_consumer_key', u'9ywytMVXKVsRxZQA94DyIlVx4'), (u'oauth_signature_method', u'HMAC-SHA1'), (u'oauth_version', u'1.0'), (u'oauth_token', u'841083468222193665-BcvJNY8PvGto5SjYRh1pCDxKOYcJSj3'), (u'track', u'a,the,i,you,u'), (u'language', u'en')]
2017-04-05 02:15:04,439 - oauthlib.oauth1.rfc5849 - DEBUG - Normalized params: delimited=length&language=en&oauth_consumer_key=9ywytMVXKVsRxZQA94DyIlVx4&oauth_nonce=9466561171647694971491358504&oauth_signature_method=HMAC-SHA1&oauth_timestamp=1491358504&oauth_token=841083468222193665-BcvJNY8PvGto5SjYRh1pCDxKOYcJSj3&oauth_version=1.0&track=a%2Cthe%2Ci%2Cyou%2Cu
2017-04-05 02:15:04,439 - oauthlib.oauth1.rfc5849 - DEBUG - Normalized URI: https://stream.twitter.com/1.1/statuses/filter.json
2017-04-05 02:15:04,439 - oauthlib.oauth1.rfc5849 - DEBUG - Base signing string: POST&https%3A%2F%2Fstream.twitter.com%2F1.1%2Fstatuses%2Ffilter.json&delimited%3Dlength%26language%3Den%26oauth_consumer_key%3D9ywytMVXKVsRxZQA94DyIlVx4%26oauth_nonce%3D9466561171647694971491358504%26oauth_signature_method%3DHMAC-SHA1%26oauth_timestamp%3D1491358504%26oauth_token%3D841083468222193665-BcvJNY8PvGto5SjYRh1pCDxKOYcJSj3%26oauth_version%3D1.0%26track%3Da%252Cthe%252Ci%252Cyou%252Cu
2017-04-05 02:15:04,440 - oauthlib.oauth1.rfc5849 - DEBUG - Signature: iXhL584f3Dp/rG/pnuvciouXJT4=
2017-04-05 02:15:04,440 - requests_oauthlib.oauth1_auth - DEBUG - Updated url: https://stream.twitter.com/1.1/statuses/filter.json?delimited=length
2017-04-05 02:15:04,440 - requests_oauthlib.oauth1_auth - DEBUG - Updated headers: {u'Content-Length': u'39', u'Content-Type': u'application/x-www-form-urlencoded', u'Authorization': u'OAuth oauth_nonce="9466561171647694971491358504", oauth_timestamp="1491358504", oauth_version="1.0", oauth_signature_method="HMAC-SHA1", oauth_consumer_key="9ywytMVXKVsRxZQA94DyIlVx4", oauth_token="841083468222193665-BcvJNY8PvGto5SjYRh1pCDxKOYcJSj3", oauth_signature="iXhL584f3Dp%2FrG%2FpnuvciouXJT4%3D"'}
2017-04-05 02:15:04,441 - requests_oauthlib.oauth1_auth - DEBUG - Updated body: u'track=a%2Cthe%2Ci%2Cyou%2Cu&language=en'
2017-04-05 02:15:04,441 - requests.packages.urllib3.connectionpool - INFO - Starting new HTTPS connection (6): stream.twitter.com
2017-04-05 02:15:06,145 - requests.packages.urllib3.connectionpool - DEBUG - "POST /1.1/statuses/filter.json?delimited=length HTTP/1.1" 420 36
2017-04-05 02:20:26,250 - requests_oauthlib.oauth1_auth - DEBUG - Signing request <PreparedRequest [POST]> using client <Client nonce=None, signature_method=HMAC-SHA1, realm=None, encoding=utf-8, timestamp=None, resource_owner_secret=****, decoding=None, verifier=None, signature_type=AUTH_HEADER, rsa_key=None, resource_owner_key=841083468222193665-BcvJNY8PvGto5SjYRh1pCDxKOYcJSj3, client_secret=****, callback_uri=None, client_key=9ywytMVXKVsRxZQA94DyIlVx4>
2017-04-05 02:20:26,250 - requests_oauthlib.oauth1_auth - DEBUG - Including body in call to sign: True
2017-04-05 02:20:26,252 - oauthlib.oauth1.rfc5849 - DEBUG - Collected params: [(u'delimited', u'length'), (u'oauth_nonce', u'3526975411659916111491358826'), (u'oauth_timestamp', u'1491358826'), (u'oauth_consumer_key', u'9ywytMVXKVsRxZQA94DyIlVx4'), (u'oauth_signature_method', u'HMAC-SHA1'), (u'oauth_version', u'1.0'), (u'oauth_token', u'841083468222193665-BcvJNY8PvGto5SjYRh1pCDxKOYcJSj3'), (u'track', u'a,the,i,you,u'), (u'language', u'en')]
2017-04-05 02:20:26,252 - oauthlib.oauth1.rfc5849 - DEBUG - Normalized params: delimited=length&language=en&oauth_consumer_key=9ywytMVXKVsRxZQA94DyIlVx4&oauth_nonce=3526975411659916111491358826&oauth_signature_method=HMAC-SHA1&oauth_timestamp=1491358826&oauth_token=841083468222193665-BcvJNY8PvGto5SjYRh1pCDxKOYcJSj3&oauth_version=1.0&track=a%2Cthe%2Ci%2Cyou%2Cu
2017-04-05 02:20:26,252 - oauthlib.oauth1.rfc5849 - DEBUG - Normalized URI: https://stream.twitter.com/1.1/statuses/filter.json
2017-04-05 02:20:26,253 - oauthlib.oauth1.rfc5849 - DEBUG - Base signing string: POST&https%3A%2F%2Fstream.twitter.com%2F1.1%2Fstatuses%2Ffilter.json&delimited%3Dlength%26language%3Den%26oauth_consumer_key%3D9ywytMVXKVsRxZQA94DyIlVx4%26oauth_nonce%3D3526975411659916111491358826%26oauth_signature_method%3DHMAC-SHA1%26oauth_timestamp%3D1491358826%26oauth_token%3D841083468222193665-BcvJNY8PvGto5SjYRh1pCDxKOYcJSj3%26oauth_version%3D1.0%26track%3Da%252Cthe%252Ci%252Cyou%252Cu
2017-04-05 02:20:26,253 - oauthlib.oauth1.rfc5849 - DEBUG - Signature: PjeptZ68ZTdpPz4aBkrQulErYlU=
2017-04-05 02:20:26,254 - requests_oauthlib.oauth1_auth - DEBUG - Updated url: https://stream.twitter.com/1.1/statuses/filter.json?delimited=length
2017-04-05 02:20:26,254 - requests_oauthlib.oauth1_auth - DEBUG - Updated headers: {u'Content-Length': u'39', u'Content-Type': u'application/x-www-form-urlencoded', u'Authorization': u'OAuth oauth_nonce="3526975411659916111491358826", oauth_timestamp="1491358826", oauth_version="1.0", oauth_signature_method="HMAC-SHA1", oauth_consumer_key="9ywytMVXKVsRxZQA94DyIlVx4", oauth_token="841083468222193665-BcvJNY8PvGto5SjYRh1pCDxKOYcJSj3", oauth_signature="PjeptZ68ZTdpPz4aBkrQulErYlU%3D"'}
2017-04-05 02:20:26,254 - requests_oauthlib.oauth1_auth - DEBUG - Updated body: u'track=a%2Cthe%2Ci%2Cyou%2Cu&language=en'
2017-04-05 02:20:26,255 - requests.packages.urllib3.connectionpool - INFO - Starting new HTTPS connection (7): stream.twitter.com
2017-04-05 02:20:26,485 - requests.packages.urllib3.connectionpool - DEBUG - "POST /1.1/statuses/filter.json?delimited=length HTTP/1.1" 420 36
2017-04-05 02:25:46,590 - requests_oauthlib.oauth1_auth - DEBUG - Signing request <PreparedRequest [POST]> using client <Client nonce=None, signature_method=HMAC-SHA1, realm=None, encoding=utf-8, timestamp=None, resource_owner_secret=****, decoding=None, verifier=None, signature_type=AUTH_HEADER, rsa_key=None, resource_owner_key=841083468222193665-BcvJNY8PvGto5SjYRh1pCDxKOYcJSj3, client_secret=****, callback_uri=None, client_key=9ywytMVXKVsRxZQA94DyIlVx4>
2017-04-05 02:25:46,591 - requests_oauthlib.oauth1_auth - DEBUG - Including body in call to sign: True
2017-04-05 02:25:46,592 - oauthlib.oauth1.rfc5849 - DEBUG - Collected params: [(u'delimited', u'length'), (u'oauth_nonce', u'62813679090376963431491359146'), (u'oauth_timestamp', u'1491359146'), (u'oauth_consumer_key', u'9ywytMVXKVsRxZQA94DyIlVx4'), (u'oauth_signature_method', u'HMAC-SHA1'), (u'oauth_version', u'1.0'), (u'oauth_token', u'841083468222193665-BcvJNY8PvGto5SjYRh1pCDxKOYcJSj3'), (u'track', u'a,the,i,you,u'), (u'language', u'en')]
2017-04-05 02:25:46,592 - oauthlib.oauth1.rfc5849 - DEBUG - Normalized params: delimited=length&language=en&oauth_consumer_key=9ywytMVXKVsRxZQA94DyIlVx4&oauth_nonce=62813679090376963431491359146&oauth_signature_method=HMAC-SHA1&oauth_timestamp=1491359146&oauth_token=841083468222193665-BcvJNY8PvGto5SjYRh1pCDxKOYcJSj3&oauth_version=1.0&track=a%2Cthe%2Ci%2Cyou%2Cu
2017-04-05 02:25:46,593 - oauthlib.oauth1.rfc5849 - DEBUG - Normalized URI: https://stream.twitter.com/1.1/statuses/filter.json
2017-04-05 02:25:46,593 - oauthlib.oauth1.rfc5849 - DEBUG - Base signing string: POST&https%3A%2F%2Fstream.twitter.com%2F1.1%2Fstatuses%2Ffilter.json&delimited%3Dlength%26language%3Den%26oauth_consumer_key%3D9ywytMVXKVsRxZQA94DyIlVx4%26oauth_nonce%3D62813679090376963431491359146%26oauth_signature_method%3DHMAC-SHA1%26oauth_timestamp%3D1491359146%26oauth_token%3D841083468222193665-BcvJNY8PvGto5SjYRh1pCDxKOYcJSj3%26oauth_version%3D1.0%26track%3Da%252Cthe%252Ci%252Cyou%252Cu
2017-04-05 02:25:46,593 - oauthlib.oauth1.rfc5849 - DEBUG - Signature: BP1szJBS+7hM5Uvy6VE1Y8RU+RI=
2017-04-05 02:25:46,594 - requests_oauthlib.oauth1_auth - DEBUG - Updated url: https://stream.twitter.com/1.1/statuses/filter.json?delimited=length
2017-04-05 02:25:46,594 - requests_oauthlib.oauth1_auth - DEBUG - Updated headers: {u'Content-Length': u'39', u'Content-Type': u'application/x-www-form-urlencoded', u'Authorization': u'OAuth oauth_nonce="62813679090376963431491359146", oauth_timestamp="1491359146", oauth_version="1.0", oauth_signature_method="HMAC-SHA1", oauth_consumer_key="9ywytMVXKVsRxZQA94DyIlVx4", oauth_token="841083468222193665-BcvJNY8PvGto5SjYRh1pCDxKOYcJSj3", oauth_signature="BP1szJBS%2B7hM5Uvy6VE1Y8RU%2BRI%3D"'}
2017-04-05 02:25:46,594 - requests_oauthlib.oauth1_auth - DEBUG - Updated body: u'track=a%2Cthe%2Ci%2Cyou%2Cu&language=en'
2017-04-05 02:25:46,597 - requests.packages.urllib3.connectionpool - INFO - Starting new HTTPS connection (8): stream.twitter.com
2017-04-05 02:25:46,725 - requests.packages.urllib3.connectionpool - DEBUG - "POST /1.1/statuses/filter.json?delimited=length HTTP/1.1" 420 36
