2017-04-05 01:22:10,109 - requests_oauthlib.oauth1_auth - DEBUG - Signing request <PreparedRequest [POST]> using client <Client nonce=None, signature_method=HMAC-SHA1, realm=None, encoding=utf-8, timestamp=None, resource_owner_secret=****, decoding=None, verifier=None, signature_type=AUTH_HEADER, rsa_key=None, resource_owner_key=841083468222193665-BcvJNY8PvGto5SjYRh1pCDxKOYcJSj3, client_secret=****, callback_uri=None, client_key=9ywytMVXKVsRxZQA94DyIlVx4>
2017-04-05 01:22:10,109 - requests_oauthlib.oauth1_auth - DEBUG - Including body in call to sign: True
2017-04-05 01:22:10,110 - oauthlib.oauth1.rfc5849 - DEBUG - Collected params: [(u'delimited', u'length'), (u'oauth_nonce', u'179673859499561098431491355330'), (u'oauth_timestamp', u'1491355330'), (u'oauth_consumer_key', u'9ywytMVXKVsRxZQA94DyIlVx4'), (u'oauth_signature_method', u'HMAC-SHA1'), (u'oauth_version', u'1.0'), (u'oauth_token', u'841083468222193665-BcvJNY8PvGto5SjYRh1pCDxKOYcJSj3'), (u'track', u'a,the,i,you,u'), (u'language', u'en')]
2017-04-05 01:22:10,110 - oauthlib.oauth1.rfc5849 - DEBUG - Normalized params: delimited=length&language=en&oauth_consumer_key=9ywytMVXKVsRxZQA94DyIlVx4&oauth_nonce=179673859499561098431491355330&oauth_signature_method=HMAC-SHA1&oauth_timestamp=1491355330&oauth_token=841083468222193665-BcvJNY8PvGto5SjYRh1pCDxKOYcJSj3&oauth_version=1.0&track=a%2Cthe%2Ci%2Cyou%2Cu
2017-04-05 01:22:10,110 - oauthlib.oauth1.rfc5849 - DEBUG - Normalized URI: https://stream.twitter.com/1.1/statuses/filter.json
2017-04-05 01:22:10,111 - oauthlib.oauth1.rfc5849 - DEBUG - Base signing string: POST&https%3A%2F%2Fstream.twitter.com%2F1.1%2Fstatuses%2Ffilter.json&delimited%3Dlength%26language%3Den%26oauth_consumer_key%3D9ywytMVXKVsRxZQA94DyIlVx4%26oauth_nonce%3D179673859499561098431491355330%26oauth_signature_method%3DHMAC-SHA1%26oauth_timestamp%3D1491355330%26oauth_token%3D841083468222193665-BcvJNY8PvGto5SjYRh1pCDxKOYcJSj3%26oauth_version%3D1.0%26track%3Da%252Cthe%252Ci%252Cyou%252Cu
2017-04-05 01:22:10,111 - oauthlib.oauth1.rfc5849 - DEBUG - Signature: z0qlqqermL9uxw1y6RvMJAFheWk=
2017-04-05 01:22:10,111 - requests_oauthlib.oauth1_auth - DEBUG - Updated url: https://stream.twitter.com/1.1/statuses/filter.json?delimited=length
2017-04-05 01:22:10,111 - requests_oauthlib.oauth1_auth - DEBUG - Updated headers: {u'Content-Length': u'39', u'Content-Type': u'application/x-www-form-urlencoded', u'Authorization': u'OAuth oauth_nonce="179673859499561098431491355330", oauth_timestamp="1491355330", oauth_version="1.0", oauth_signature_method="HMAC-SHA1", oauth_consumer_key="9ywytMVXKVsRxZQA94DyIlVx4", oauth_token="841083468222193665-BcvJNY8PvGto5SjYRh1pCDxKOYcJSj3", oauth_signature="z0qlqqermL9uxw1y6RvMJAFheWk%3D"'}
2017-04-05 01:22:10,111 - requests_oauthlib.oauth1_auth - DEBUG - Updated body: u'track=a%2Cthe%2Ci%2Cyou%2Cu&language=en'
2017-04-05 01:22:10,113 - requests.packages.urllib3.connectionpool - INFO - Starting new HTTPS connection (1): stream.twitter.com
2017-04-05 01:22:10,254 - requests.packages.urllib3.connectionpool - DEBUG - "POST /1.1/statuses/filter.json?delimited=length HTTP/1.1" 420 36
2017-04-05 01:23:10,316 - requests_oauthlib.oauth1_auth - DEBUG - Signing request <PreparedRequest [POST]> using client <Client nonce=None, signature_method=HMAC-SHA1, realm=None, encoding=utf-8, timestamp=None, resource_owner_secret=****, decoding=None, verifier=None, signature_type=AUTH_HEADER, rsa_key=None, resource_owner_key=841083468222193665-BcvJNY8PvGto5SjYRh1pCDxKOYcJSj3, client_secret=****, callback_uri=None, client_key=9ywytMVXKVsRxZQA94DyIlVx4>
2017-04-05 01:23:10,317 - requests_oauthlib.oauth1_auth - DEBUG - Including body in call to sign: True
2017-04-05 01:23:10,318 - oauthlib.oauth1.rfc5849 - DEBUG - Collected params: [(u'delimited', u'length'), (u'oauth_nonce', u'169055325866826046491491355390'), (u'oauth_timestamp', u'1491355390'), (u'oauth_consumer_key', u'9ywytMVXKVsRxZQA94DyIlVx4'), (u'oauth_signature_method', u'HMAC-SHA1'), (u'oauth_version', u'1.0'), (u'oauth_token', u'841083468222193665-BcvJNY8PvGto5SjYRh1pCDxKOYcJSj3'), (u'track', u'a,the,i,you,u'), (u'language', u'en')]
2017-04-05 01:23:10,318 - oauthlib.oauth1.rfc5849 - DEBUG - Normalized params: delimited=length&language=en&oauth_consumer_key=9ywytMVXKVsRxZQA94DyIlVx4&oauth_nonce=169055325866826046491491355390&oauth_signature_method=HMAC-SHA1&oauth_timestamp=1491355390&oauth_token=841083468222193665-BcvJNY8PvGto5SjYRh1pCDxKOYcJSj3&oauth_version=1.0&track=a%2Cthe%2Ci%2Cyou%2Cu
2017-04-05 01:23:10,319 - oauthlib.oauth1.rfc5849 - DEBUG - Normalized URI: https://stream.twitter.com/1.1/statuses/filter.json
2017-04-05 01:23:10,319 - oauthlib.oauth1.rfc5849 - DEBUG - Base signing string: POST&https%3A%2F%2Fstream.twitter.com%2F1.1%2Fstatuses%2Ffilter.json&delimited%3Dlength%26language%3Den%26oauth_consumer_key%3D9ywytMVXKVsRxZQA94DyIlVx4%26oauth_nonce%3D169055325866826046491491355390%26oauth_signature_method%3DHMAC-SHA1%26oauth_timestamp%3D1491355390%26oauth_token%3D841083468222193665-BcvJNY8PvGto5SjYRh1pCDxKOYcJSj3%26oauth_version%3D1.0%26track%3Da%252Cthe%252Ci%252Cyou%252Cu
2017-04-05 01:23:10,319 - oauthlib.oauth1.rfc5849 - DEBUG - Signature: SgaYCOPwrzVMtz1/9gXk3SGwpME=
2017-04-05 01:23:10,320 - requests_oauthlib.oauth1_auth - DEBUG - Updated url: https://stream.twitter.com/1.1/statuses/filter.json?delimited=length
2017-04-05 01:23:10,321 - requests_oauthlib.oauth1_auth - DEBUG - Updated headers: {u'Content-Length': u'39', u'Content-Type': u'application/x-www-form-urlencoded', u'Authorization': u'OAuth oauth_nonce="169055325866826046491491355390", oauth_timestamp="1491355390", oauth_version="1.0", oauth_signature_method="HMAC-SHA1", oauth_consumer_key="9ywytMVXKVsRxZQA94DyIlVx4", oauth_token="841083468222193665-BcvJNY8PvGto5SjYRh1pCDxKOYcJSj3", oauth_signature="SgaYCOPwrzVMtz1%2F9gXk3SGwpME%3D"'}
2017-04-05 01:23:10,321 - requests_oauthlib.oauth1_auth - DEBUG - Updated body: u'track=a%2Cthe%2Ci%2Cyou%2Cu&language=en'
2017-04-05 01:23:10,322 - requests.packages.urllib3.connectionpool - INFO - Starting new HTTPS connection (2): stream.twitter.com
2017-04-05 01:23:10,480 - requests.packages.urllib3.connectionpool - DEBUG - "POST /1.1/statuses/filter.json?delimited=length HTTP/1.1" 420 36
2017-04-05 01:25:10,584 - requests_oauthlib.oauth1_auth - DEBUG - Signing request <PreparedRequest [POST]> using client <Client nonce=None, signature_method=HMAC-SHA1, realm=None, encoding=utf-8, timestamp=None, resource_owner_secret=****, decoding=None, verifier=None, signature_type=AUTH_HEADER, rsa_key=None, resource_owner_key=841083468222193665-BcvJNY8PvGto5SjYRh1pCDxKOYcJSj3, client_secret=****, callback_uri=None, client_key=9ywytMVXKVsRxZQA94DyIlVx4>
2017-04-05 01:25:10,584 - requests_oauthlib.oauth1_auth - DEBUG - Including body in call to sign: True
2017-04-05 01:25:10,588 - oauthlib.oauth1.rfc5849 - DEBUG - Collected params: [(u'delimited', u'length'), (u'oauth_nonce', u'51039349740802154181491355510'), (u'oauth_timestamp', u'1491355510'), (u'oauth_consumer_key', u'9ywytMVXKVsRxZQA94DyIlVx4'), (u'oauth_signature_method', u'HMAC-SHA1'), (u'oauth_version', u'1.0'), (u'oauth_token', u'841083468222193665-BcvJNY8PvGto5SjYRh1pCDxKOYcJSj3'), (u'track', u'a,the,i,you,u'), (u'language', u'en')]
2017-04-05 01:25:10,589 - oauthlib.oauth1.rfc5849 - DEBUG - Normalized params: delimited=length&language=en&oauth_consumer_key=9ywytMVXKVsRxZQA94DyIlVx4&oauth_nonce=51039349740802154181491355510&oauth_signature_method=HMAC-SHA1&oauth_timestamp=1491355510&oauth_token=841083468222193665-BcvJNY8PvGto5SjYRh1pCDxKOYcJSj3&oauth_version=1.0&track=a%2Cthe%2Ci%2Cyou%2Cu
2017-04-05 01:25:10,589 - oauthlib.oauth1.rfc5849 - DEBUG - Normalized URI: https://stream.twitter.com/1.1/statuses/filter.json
2017-04-05 01:25:10,589 - oauthlib.oauth1.rfc5849 - DEBUG - Base signing string: POST&https%3A%2F%2Fstream.twitter.com%2F1.1%2Fstatuses%2Ffilter.json&delimited%3Dlength%26language%3Den%26oauth_consumer_key%3D9ywytMVXKVsRxZQA94DyIlVx4%26oauth_nonce%3D51039349740802154181491355510%26oauth_signature_method%3DHMAC-SHA1%26oauth_timestamp%3D1491355510%26oauth_token%3D841083468222193665-BcvJNY8PvGto5SjYRh1pCDxKOYcJSj3%26oauth_version%3D1.0%26track%3Da%252Cthe%252Ci%252Cyou%252Cu
2017-04-05 01:25:10,590 - oauthlib.oauth1.rfc5849 - DEBUG - Signature: AsWetyrxEOoaksd+6OwrFsi7fgU=
2017-04-05 01:25:10,590 - requests_oauthlib.oauth1_auth - DEBUG - Updated url: https://stream.twitter.com/1.1/statuses/filter.json?delimited=length
2017-04-05 01:25:10,590 - requests_oauthlib.oauth1_auth - DEBUG - Updated headers: {u'Content-Length': u'39', u'Content-Type': u'application/x-www-form-urlencoded', u'Authorization': u'OAuth oauth_nonce="51039349740802154181491355510", oauth_timestamp="1491355510", oauth_version="1.0", oauth_signature_method="HMAC-SHA1", oauth_consumer_key="9ywytMVXKVsRxZQA94DyIlVx4", oauth_token="841083468222193665-BcvJNY8PvGto5SjYRh1pCDxKOYcJSj3", oauth_signature="AsWetyrxEOoaksd%2B6OwrFsi7fgU%3D"'}
2017-04-05 01:25:10,591 - requests_oauthlib.oauth1_auth - DEBUG - Updated body: u'track=a%2Cthe%2Ci%2Cyou%2Cu&language=en'
2017-04-05 01:25:10,593 - requests.packages.urllib3.connectionpool - INFO - Starting new HTTPS connection (3): stream.twitter.com
2017-04-05 01:25:10,713 - requests.packages.urllib3.connectionpool - DEBUG - "POST /1.1/statuses/filter.json?delimited=length HTTP/1.1" 420 36
2017-04-05 01:29:10,817 - requests_oauthlib.oauth1_auth - DEBUG - Signing request <PreparedRequest [POST]> using client <Client nonce=None, signature_method=HMAC-SHA1, realm=None, encoding=utf-8, timestamp=None, resource_owner_secret=****, decoding=None, verifier=None, signature_type=AUTH_HEADER, rsa_key=None, resource_owner_key=841083468222193665-BcvJNY8PvGto5SjYRh1pCDxKOYcJSj3, client_secret=****, callback_uri=None, client_key=9ywytMVXKVsRxZQA94DyIlVx4>
2017-04-05 01:29:10,818 - requests_oauthlib.oauth1_auth - DEBUG - Including body in call to sign: True
2017-04-05 01:29:10,819 - oauthlib.oauth1.rfc5849 - DEBUG - Collected params: [(u'delimited', u'length'), (u'oauth_nonce', u'112221198073977040381491355750'), (u'oauth_timestamp', u'1491355750'), (u'oauth_consumer_key', u'9ywytMVXKVsRxZQA94DyIlVx4'), (u'oauth_signature_method', u'HMAC-SHA1'), (u'oauth_version', u'1.0'), (u'oauth_token', u'841083468222193665-BcvJNY8PvGto5SjYRh1pCDxKOYcJSj3'), (u'track', u'a,the,i,you,u'), (u'language', u'en')]
2017-04-05 01:29:10,820 - oauthlib.oauth1.rfc5849 - DEBUG - Normalized params: delimited=length&language=en&oauth_consumer_key=9ywytMVXKVsRxZQA94DyIlVx4&oauth_nonce=112221198073977040381491355750&oauth_signature_method=HMAC-SHA1&oauth_timestamp=1491355750&oauth_token=841083468222193665-BcvJNY8PvGto5SjYRh1pCDxKOYcJSj3&oauth_version=1.0&track=a%2Cthe%2Ci%2Cyou%2Cu
2017-04-05 01:29:10,820 - oauthlib.oauth1.rfc5849 - DEBUG - Normalized URI: https://stream.twitter.com/1.1/statuses/filter.json
2017-04-05 01:29:10,820 - oauthlib.oauth1.rfc5849 - DEBUG - Base signing string: POST&https%3A%2F%2Fstream.twitter.com%2F1.1%2Fstatuses%2Ffilter.json&delimited%3Dlength%26language%3Den%26oauth_consumer_key%3D9ywytMVXKVsRxZQA94DyIlVx4%26oauth_nonce%3D112221198073977040381491355750%26oauth_signature_method%3DHMAC-SHA1%26oauth_timestamp%3D1491355750%26oauth_token%3D841083468222193665-BcvJNY8PvGto5SjYRh1pCDxKOYcJSj3%26oauth_version%3D1.0%26track%3Da%252Cthe%252Ci%252Cyou%252Cu
2017-04-05 01:29:10,821 - oauthlib.oauth1.rfc5849 - DEBUG - Signature: wml1PGUEVIV7jizGLRxOVj9D3dI=
2017-04-05 01:29:10,838 - requests_oauthlib.oauth1_auth - DEBUG - Updated url: https://stream.twitter.com/1.1/statuses/filter.json?delimited=length
2017-04-05 01:29:10,839 - requests_oauthlib.oauth1_auth - DEBUG - Updated headers: {u'Content-Length': u'39', u'Content-Type': u'application/x-www-form-urlencoded', u'Authorization': u'OAuth oauth_nonce="112221198073977040381491355750", oauth_timestamp="1491355750", oauth_version="1.0", oauth_signature_method="HMAC-SHA1", oauth_consumer_key="9ywytMVXKVsRxZQA94DyIlVx4", oauth_token="841083468222193665-BcvJNY8PvGto5SjYRh1pCDxKOYcJSj3", oauth_signature="wml1PGUEVIV7jizGLRxOVj9D3dI%3D"'}
2017-04-05 01:29:10,840 - requests_oauthlib.oauth1_auth - DEBUG - Updated body: u'track=a%2Cthe%2Ci%2Cyou%2Cu&language=en'
2017-04-05 01:29:10,841 - requests.packages.urllib3.connectionpool - INFO - Starting new HTTPS connection (4): stream.twitter.com
2017-04-05 01:29:11,056 - requests.packages.urllib3.connectionpool - DEBUG - "POST /1.1/statuses/filter.json?delimited=length HTTP/1.1" 420 36
2017-04-05 01:34:31,160 - requests_oauthlib.oauth1_auth - DEBUG - Signing request <PreparedRequest [POST]> using client <Client nonce=None, signature_method=HMAC-SHA1, realm=None, encoding=utf-8, timestamp=None, resource_owner_secret=****, decoding=None, verifier=None, signature_type=AUTH_HEADER, rsa_key=None, resource_owner_key=841083468222193665-BcvJNY8PvGto5SjYRh1pCDxKOYcJSj3, client_secret=****, callback_uri=None, client_key=9ywytMVXKVsRxZQA94DyIlVx4>
2017-04-05 01:34:31,160 - requests_oauthlib.oauth1_auth - DEBUG - Including body in call to sign: True
2017-04-05 01:34:31,161 - oauthlib.oauth1.rfc5849 - DEBUG - Collected params: [(u'delimited', u'length'), (u'oauth_nonce', u'72173761526297731911491356071'), (u'oauth_timestamp', u'1491356071'), (u'oauth_consumer_key', u'9ywytMVXKVsRxZQA94DyIlVx4'), (u'oauth_signature_method', u'HMAC-SHA1'), (u'oauth_version', u'1.0'), (u'oauth_token', u'841083468222193665-BcvJNY8PvGto5SjYRh1pCDxKOYcJSj3'), (u'track', u'a,the,i,you,u'), (u'language', u'en')]
2017-04-05 01:34:31,162 - oauthlib.oauth1.rfc5849 - DEBUG - Normalized params: delimited=length&language=en&oauth_consumer_key=9ywytMVXKVsRxZQA94DyIlVx4&oauth_nonce=72173761526297731911491356071&oauth_signature_method=HMAC-SHA1&oauth_timestamp=1491356071&oauth_token=841083468222193665-BcvJNY8PvGto5SjYRh1pCDxKOYcJSj3&oauth_version=1.0&track=a%2Cthe%2Ci%2Cyou%2Cu
2017-04-05 01:34:31,162 - oauthlib.oauth1.rfc5849 - DEBUG - Normalized URI: https://stream.twitter.com/1.1/statuses/filter.json
2017-04-05 01:34:31,162 - oauthlib.oauth1.rfc5849 - DEBUG - Base signing string: POST&https%3A%2F%2Fstream.twitter.com%2F1.1%2Fstatuses%2Ffilter.json&delimited%3Dlength%26language%3Den%26oauth_consumer_key%3D9ywytMVXKVsRxZQA94DyIlVx4%26oauth_nonce%3D72173761526297731911491356071%26oauth_signature_method%3DHMAC-SHA1%26oauth_timestamp%3D1491356071%26oauth_token%3D841083468222193665-BcvJNY8PvGto5SjYRh1pCDxKOYcJSj3%26oauth_version%3D1.0%26track%3Da%252Cthe%252Ci%252Cyou%252Cu
2017-04-05 01:34:31,163 - oauthlib.oauth1.rfc5849 - DEBUG - Signature: GrfaILHjT8xMcRF5HQSqqgTb07s=
2017-04-05 01:34:31,163 - requests_oauthlib.oauth1_auth - DEBUG - Updated url: https://stream.twitter.com/1.1/statuses/filter.json?delimited=length
2017-04-05 01:34:31,163 - requests_oauthlib.oauth1_auth - DEBUG - Updated headers: {u'Content-Length': u'39', u'Content-Type': u'application/x-www-form-urlencoded', u'Authorization': u'OAuth oauth_nonce="72173761526297731911491356071", oauth_timestamp="1491356071", oauth_version="1.0", oauth_signature_method="HMAC-SHA1", oauth_consumer_key="9ywytMVXKVsRxZQA94DyIlVx4", oauth_token="841083468222193665-BcvJNY8PvGto5SjYRh1pCDxKOYcJSj3", oauth_signature="GrfaILHjT8xMcRF5HQSqqgTb07s%3D"'}
2017-04-05 01:34:31,164 - requests_oauthlib.oauth1_auth - DEBUG - Updated body: u'track=a%2Cthe%2Ci%2Cyou%2Cu&language=en'
2017-04-05 01:34:31,164 - requests.packages.urllib3.connectionpool - INFO - Starting new HTTPS connection (5): stream.twitter.com
2017-04-05 01:34:31,340 - requests.packages.urllib3.connectionpool - DEBUG - "POST /1.1/statuses/filter.json?delimited=length HTTP/1.1" 420 36
2017-04-05 01:39:51,444 - requests_oauthlib.oauth1_auth - DEBUG - Signing request <PreparedRequest [POST]> using client <Client nonce=None, signature_method=HMAC-SHA1, realm=None, encoding=utf-8, timestamp=None, resource_owner_secret=****, decoding=None, verifier=None, signature_type=AUTH_HEADER, rsa_key=None, resource_owner_key=841083468222193665-BcvJNY8PvGto5SjYRh1pCDxKOYcJSj3, client_secret=****, callback_uri=None, client_key=9ywytMVXKVsRxZQA94DyIlVx4>
2017-04-05 01:39:51,444 - requests_oauthlib.oauth1_auth - DEBUG - Including body in call to sign: True
2017-04-05 01:39:51,446 - oauthlib.oauth1.rfc5849 - DEBUG - Collected params: [(u'delimited', u'length'), (u'oauth_nonce', u'48876891620128074771491356391'), (u'oauth_timestamp', u'1491356391'), (u'oauth_consumer_key', u'9ywytMVXKVsRxZQA94DyIlVx4'), (u'oauth_signature_method', u'HMAC-SHA1'), (u'oauth_version', u'1.0'), (u'oauth_token', u'841083468222193665-BcvJNY8PvGto5SjYRh1pCDxKOYcJSj3'), (u'track', u'a,the,i,you,u'), (u'language', u'en')]
2017-04-05 01:39:51,446 - oauthlib.oauth1.rfc5849 - DEBUG - Normalized params: delimited=length&language=en&oauth_consumer_key=9ywytMVXKVsRxZQA94DyIlVx4&oauth_nonce=48876891620128074771491356391&oauth_signature_method=HMAC-SHA1&oauth_timestamp=1491356391&oauth_token=841083468222193665-BcvJNY8PvGto5SjYRh1pCDxKOYcJSj3&oauth_version=1.0&track=a%2Cthe%2Ci%2Cyou%2Cu
2017-04-05 01:39:51,446 - oauthlib.oauth1.rfc5849 - DEBUG - Normalized URI: https://stream.twitter.com/1.1/statuses/filter.json
2017-04-05 01:39:51,447 - oauthlib.oauth1.rfc5849 - DEBUG - Base signing string: POST&https%3A%2F%2Fstream.twitter.com%2F1.1%2Fstatuses%2Ffilter.json&delimited%3Dlength%26language%3Den%26oauth_consumer_key%3D9ywytMVXKVsRxZQA94DyIlVx4%26oauth_nonce%3D48876891620128074771491356391%26oauth_signature_method%3DHMAC-SHA1%26oauth_timestamp%3D1491356391%26oauth_token%3D841083468222193665-BcvJNY8PvGto5SjYRh1pCDxKOYcJSj3%26oauth_version%3D1.0%26track%3Da%252Cthe%252Ci%252Cyou%252Cu
2017-04-05 01:39:51,447 - oauthlib.oauth1.rfc5849 - DEBUG - Signature: fJcqWxJ9EXJMRoYvkVULquiPkBw=
2017-04-05 01:39:51,447 - requests_oauthlib.oauth1_auth - DEBUG - Updated url: https://stream.twitter.com/1.1/statuses/filter.json?delimited=length
2017-04-05 01:39:51,448 - requests_oauthlib.oauth1_auth - DEBUG - Updated headers: {u'Content-Length': u'39', u'Content-Type': u'application/x-www-form-urlencoded', u'Authorization': u'OAuth oauth_nonce="48876891620128074771491356391", oauth_timestamp="1491356391", oauth_version="1.0", oauth_signature_method="HMAC-SHA1", oauth_consumer_key="9ywytMVXKVsRxZQA94DyIlVx4", oauth_token="841083468222193665-BcvJNY8PvGto5SjYRh1pCDxKOYcJSj3", oauth_signature="fJcqWxJ9EXJMRoYvkVULquiPkBw%3D"'}
2017-04-05 01:39:51,448 - requests_oauthlib.oauth1_auth - DEBUG - Updated body: u'track=a%2Cthe%2Ci%2Cyou%2Cu&language=en'
2017-04-05 01:39:51,450 - requests.packages.urllib3.connectionpool - INFO - Starting new HTTPS connection (6): stream.twitter.com
2017-04-05 01:39:51,576 - requests.packages.urllib3.connectionpool - DEBUG - "POST /1.1/statuses/filter.json?delimited=length HTTP/1.1" 420 36
2017-04-05 01:45:11,676 - requests_oauthlib.oauth1_auth - DEBUG - Signing request <PreparedRequest [POST]> using client <Client nonce=None, signature_method=HMAC-SHA1, realm=None, encoding=utf-8, timestamp=None, resource_owner_secret=****, decoding=None, verifier=None, signature_type=AUTH_HEADER, rsa_key=None, resource_owner_key=841083468222193665-BcvJNY8PvGto5SjYRh1pCDxKOYcJSj3, client_secret=****, callback_uri=None, client_key=9ywytMVXKVsRxZQA94DyIlVx4>
2017-04-05 01:45:11,677 - requests_oauthlib.oauth1_auth - DEBUG - Including body in call to sign: True
2017-04-05 01:45:11,677 - oauthlib.oauth1.rfc5849 - DEBUG - Collected params: [(u'delimited', u'length'), (u'oauth_nonce', u'160607701059917019611491356711'), (u'oauth_timestamp', u'1491356711'), (u'oauth_consumer_key', u'9ywytMVXKVsRxZQA94DyIlVx4'), (u'oauth_signature_method', u'HMAC-SHA1'), (u'oauth_version', u'1.0'), (u'oauth_token', u'841083468222193665-BcvJNY8PvGto5SjYRh1pCDxKOYcJSj3'), (u'track', u'a,the,i,you,u'), (u'language', u'en')]
2017-04-05 01:45:11,677 - oauthlib.oauth1.rfc5849 - DEBUG - Normalized params: delimited=length&language=en&oauth_consumer_key=9ywytMVXKVsRxZQA94DyIlVx4&oauth_nonce=160607701059917019611491356711&oauth_signature_method=HMAC-SHA1&oauth_timestamp=1491356711&oauth_token=841083468222193665-BcvJNY8PvGto5SjYRh1pCDxKOYcJSj3&oauth_version=1.0&track=a%2Cthe%2Ci%2Cyou%2Cu
2017-04-05 01:45:11,678 - oauthlib.oauth1.rfc5849 - DEBUG - Normalized URI: https://stream.twitter.com/1.1/statuses/filter.json
2017-04-05 01:45:11,678 - oauthlib.oauth1.rfc5849 - DEBUG - Base signing string: POST&https%3A%2F%2Fstream.twitter.com%2F1.1%2Fstatuses%2Ffilter.json&delimited%3Dlength%26language%3Den%26oauth_consumer_key%3D9ywytMVXKVsRxZQA94DyIlVx4%26oauth_nonce%3D160607701059917019611491356711%26oauth_signature_method%3DHMAC-SHA1%26oauth_timestamp%3D1491356711%26oauth_token%3D841083468222193665-BcvJNY8PvGto5SjYRh1pCDxKOYcJSj3%26oauth_version%3D1.0%26track%3Da%252Cthe%252Ci%252Cyou%252Cu
2017-04-05 01:45:11,678 - oauthlib.oauth1.rfc5849 - DEBUG - Signature: biRGtpyTrkYqb9rAbr3nFMtSe3E=
2017-04-05 01:45:11,678 - requests_oauthlib.oauth1_auth - DEBUG - Updated url: https://stream.twitter.com/1.1/statuses/filter.json?delimited=length
2017-04-05 01:45:11,678 - requests_oauthlib.oauth1_auth - DEBUG - Updated headers: {u'Content-Length': u'39', u'Content-Type': u'application/x-www-form-urlencoded', u'Authorization': u'OAuth oauth_nonce="160607701059917019611491356711", oauth_timestamp="1491356711", oauth_version="1.0", oauth_signature_method="HMAC-SHA1", oauth_consumer_key="9ywytMVXKVsRxZQA94DyIlVx4", oauth_token="841083468222193665-BcvJNY8PvGto5SjYRh1pCDxKOYcJSj3", oauth_signature="biRGtpyTrkYqb9rAbr3nFMtSe3E%3D"'}
2017-04-05 01:45:11,679 - requests_oauthlib.oauth1_auth - DEBUG - Updated body: u'track=a%2Cthe%2Ci%2Cyou%2Cu&language=en'
2017-04-05 01:45:11,679 - requests.packages.urllib3.connectionpool - INFO - Starting new HTTPS connection (7): stream.twitter.com
2017-04-05 01:45:11,781 - requests.packages.urllib3.connectionpool - DEBUG - "POST /1.1/statuses/filter.json?delimited=length HTTP/1.1" 420 36
2017-04-05 01:50:31,884 - requests_oauthlib.oauth1_auth - DEBUG - Signing request <PreparedRequest [POST]> using client <Client nonce=None, signature_method=HMAC-SHA1, realm=None, encoding=utf-8, timestamp=None, resource_owner_secret=****, decoding=None, verifier=None, signature_type=AUTH_HEADER, rsa_key=None, resource_owner_key=841083468222193665-BcvJNY8PvGto5SjYRh1pCDxKOYcJSj3, client_secret=****, callback_uri=None, client_key=9ywytMVXKVsRxZQA94DyIlVx4>
2017-04-05 01:50:31,884 - requests_oauthlib.oauth1_auth - DEBUG - Including body in call to sign: True
2017-04-05 01:50:31,886 - oauthlib.oauth1.rfc5849 - DEBUG - Collected params: [(u'delimited', u'length'), (u'oauth_nonce', u'72349056303228209471491357031'), (u'oauth_timestamp', u'1491357031'), (u'oauth_consumer_key', u'9ywytMVXKVsRxZQA94DyIlVx4'), (u'oauth_signature_method', u'HMAC-SHA1'), (u'oauth_version', u'1.0'), (u'oauth_token', u'841083468222193665-BcvJNY8PvGto5SjYRh1pCDxKOYcJSj3'), (u'track', u'a,the,i,you,u'), (u'language', u'en')]
2017-04-05 01:50:31,887 - oauthlib.oauth1.rfc5849 - DEBUG - Normalized params: delimited=length&language=en&oauth_consumer_key=9ywytMVXKVsRxZQA94DyIlVx4&oauth_nonce=72349056303228209471491357031&oauth_signature_method=HMAC-SHA1&oauth_timestamp=1491357031&oauth_token=841083468222193665-BcvJNY8PvGto5SjYRh1pCDxKOYcJSj3&oauth_version=1.0&track=a%2Cthe%2Ci%2Cyou%2Cu
2017-04-05 01:50:31,887 - oauthlib.oauth1.rfc5849 - DEBUG - Normalized URI: https://stream.twitter.com/1.1/statuses/filter.json
2017-04-05 01:50:31,887 - oauthlib.oauth1.rfc5849 - DEBUG - Base signing string: POST&https%3A%2F%2Fstream.twitter.com%2F1.1%2Fstatuses%2Ffilter.json&delimited%3Dlength%26language%3Den%26oauth_consumer_key%3D9ywytMVXKVsRxZQA94DyIlVx4%26oauth_nonce%3D72349056303228209471491357031%26oauth_signature_method%3DHMAC-SHA1%26oauth_timestamp%3D1491357031%26oauth_token%3D841083468222193665-BcvJNY8PvGto5SjYRh1pCDxKOYcJSj3%26oauth_version%3D1.0%26track%3Da%252Cthe%252Ci%252Cyou%252Cu
2017-04-05 01:50:31,888 - oauthlib.oauth1.rfc5849 - DEBUG - Signature: NFNCmeKBO3NnGd13Q03tNDLOrfE=
2017-04-05 01:50:31,888 - requests_oauthlib.oauth1_auth - DEBUG - Updated url: https://stream.twitter.com/1.1/statuses/filter.json?delimited=length
2017-04-05 01:50:31,889 - requests_oauthlib.oauth1_auth - DEBUG - Updated headers: {u'Content-Length': u'39', u'Content-Type': u'application/x-www-form-urlencoded', u'Authorization': u'OAuth oauth_nonce="72349056303228209471491357031", oauth_timestamp="1491357031", oauth_version="1.0", oauth_signature_method="HMAC-SHA1", oauth_consumer_key="9ywytMVXKVsRxZQA94DyIlVx4", oauth_token="841083468222193665-BcvJNY8PvGto5SjYRh1pCDxKOYcJSj3", oauth_signature="NFNCmeKBO3NnGd13Q03tNDLOrfE%3D"'}
2017-04-05 01:50:31,889 - requests_oauthlib.oauth1_auth - DEBUG - Updated body: u'track=a%2Cthe%2Ci%2Cyou%2Cu&language=en'
2017-04-05 01:50:31,890 - requests.packages.urllib3.connectionpool - INFO - Starting new HTTPS connection (8): stream.twitter.com
2017-04-05 01:50:32,130 - requests.packages.urllib3.connectionpool - DEBUG - "POST /1.1/statuses/filter.json?delimited=length HTTP/1.1" 420 36
2017-04-05 01:55:52,234 - requests_oauthlib.oauth1_auth - DEBUG - Signing request <PreparedRequest [POST]> using client <Client nonce=None, signature_method=HMAC-SHA1, realm=None, encoding=utf-8, timestamp=None, resource_owner_secret=****, decoding=None, verifier=None, signature_type=AUTH_HEADER, rsa_key=None, resource_owner_key=841083468222193665-BcvJNY8PvGto5SjYRh1pCDxKOYcJSj3, client_secret=****, callback_uri=None, client_key=9ywytMVXKVsRxZQA94DyIlVx4>
2017-04-05 01:55:52,235 - requests_oauthlib.oauth1_auth - DEBUG - Including body in call to sign: True
2017-04-05 01:55:52,236 - oauthlib.oauth1.rfc5849 - DEBUG - Collected params: [(u'delimited', u'length'), (u'oauth_nonce', u'65013081144462241931491357352'), (u'oauth_timestamp', u'1491357352'), (u'oauth_consumer_key', u'9ywytMVXKVsRxZQA94DyIlVx4'), (u'oauth_signature_method', u'HMAC-SHA1'), (u'oauth_version', u'1.0'), (u'oauth_token', u'841083468222193665-BcvJNY8PvGto5SjYRh1pCDxKOYcJSj3'), (u'track', u'a,the,i,you,u'), (u'language', u'en')]
2017-04-05 01:55:52,237 - oauthlib.oauth1.rfc5849 - DEBUG - Normalized params: delimited=length&language=en&oauth_consumer_key=9ywytMVXKVsRxZQA94DyIlVx4&oauth_nonce=65013081144462241931491357352&oauth_signature_method=HMAC-SHA1&oauth_timestamp=1491357352&oauth_token=841083468222193665-BcvJNY8PvGto5SjYRh1pCDxKOYcJSj3&oauth_version=1.0&track=a%2Cthe%2Ci%2Cyou%2Cu
2017-04-05 01:55:52,237 - oauthlib.oauth1.rfc5849 - DEBUG - Normalized URI: https://stream.twitter.com/1.1/statuses/filter.json
2017-04-05 01:55:52,237 - oauthlib.oauth1.rfc5849 - DEBUG - Base signing string: POST&https%3A%2F%2Fstream.twitter.com%2F1.1%2Fstatuses%2Ffilter.json&delimited%3Dlength%26language%3Den%26oauth_consumer_key%3D9ywytMVXKVsRxZQA94DyIlVx4%26oauth_nonce%3D65013081144462241931491357352%26oauth_signature_method%3DHMAC-SHA1%26oauth_timestamp%3D1491357352%26oauth_token%3D841083468222193665-BcvJNY8PvGto5SjYRh1pCDxKOYcJSj3%26oauth_version%3D1.0%26track%3Da%252Cthe%252Ci%252Cyou%252Cu
2017-04-05 01:55:52,238 - oauthlib.oauth1.rfc5849 - DEBUG - Signature: +KKc7X69YIypeVRQgaw+NyNhq3I=
2017-04-05 01:55:52,238 - requests_oauthlib.oauth1_auth - DEBUG - Updated url: https://stream.twitter.com/1.1/statuses/filter.json?delimited=length
2017-04-05 01:55:52,240 - requests_oauthlib.oauth1_auth - DEBUG - Updated headers: {u'Content-Length': u'39', u'Content-Type': u'application/x-www-form-urlencoded', u'Authorization': u'OAuth oauth_nonce="65013081144462241931491357352", oauth_timestamp="1491357352", oauth_version="1.0", oauth_signature_method="HMAC-SHA1", oauth_consumer_key="9ywytMVXKVsRxZQA94DyIlVx4", oauth_token="841083468222193665-BcvJNY8PvGto5SjYRh1pCDxKOYcJSj3", oauth_signature="%2BKKc7X69YIypeVRQgaw%2BNyNhq3I%3D"'}
2017-04-05 01:55:52,240 - requests_oauthlib.oauth1_auth - DEBUG - Updated body: u'track=a%2Cthe%2Ci%2Cyou%2Cu&language=en'
2017-04-05 01:55:52,245 - requests.packages.urllib3.connectionpool - INFO - Starting new HTTPS connection (9): stream.twitter.com
2017-04-05 01:55:52,377 - requests.packages.urllib3.connectionpool - DEBUG - "POST /1.1/statuses/filter.json?delimited=length HTTP/1.1" 420 36
2017-04-05 02:01:12,482 - requests_oauthlib.oauth1_auth - DEBUG - Signing request <PreparedRequest [POST]> using client <Client nonce=None, signature_method=HMAC-SHA1, realm=None, encoding=utf-8, timestamp=None, resource_owner_secret=****, decoding=None, verifier=None, signature_type=AUTH_HEADER, rsa_key=None, resource_owner_key=841083468222193665-BcvJNY8PvGto5SjYRh1pCDxKOYcJSj3, client_secret=****, callback_uri=None, client_key=9ywytMVXKVsRxZQA94DyIlVx4>
2017-04-05 02:01:12,482 - requests_oauthlib.oauth1_auth - DEBUG - Including body in call to sign: True
2017-04-05 02:01:12,484 - oauthlib.oauth1.rfc5849 - DEBUG - Collected params: [(u'delimited', u'length'), (u'oauth_nonce', u'88721851094881350921491357672'), (u'oauth_timestamp', u'1491357672'), (u'oauth_consumer_key', u'9ywytMVXKVsRxZQA94DyIlVx4'), (u'oauth_signature_method', u'HMAC-SHA1'), (u'oauth_version', u'1.0'), (u'oauth_token', u'841083468222193665-BcvJNY8PvGto5SjYRh1pCDxKOYcJSj3'), (u'track', u'a,the,i,you,u'), (u'language', u'en')]
2017-04-05 02:01:12,484 - oauthlib.oauth1.rfc5849 - DEBUG - Normalized params: delimited=length&language=en&oauth_consumer_key=9ywytMVXKVsRxZQA94DyIlVx4&oauth_nonce=88721851094881350921491357672&oauth_signature_method=HMAC-SHA1&oauth_timestamp=1491357672&oauth_token=841083468222193665-BcvJNY8PvGto5SjYRh1pCDxKOYcJSj3&oauth_version=1.0&track=a%2Cthe%2Ci%2Cyou%2Cu
2017-04-05 02:01:12,484 - oauthlib.oauth1.rfc5849 - DEBUG - Normalized URI: https://stream.twitter.com/1.1/statuses/filter.json
2017-04-05 02:01:12,485 - oauthlib.oauth1.rfc5849 - DEBUG - Base signing string: POST&https%3A%2F%2Fstream.twitter.com%2F1.1%2Fstatuses%2Ffilter.json&delimited%3Dlength%26language%3Den%26oauth_consumer_key%3D9ywytMVXKVsRxZQA94DyIlVx4%26oauth_nonce%3D88721851094881350921491357672%26oauth_signature_method%3DHMAC-SHA1%26oauth_timestamp%3D1491357672%26oauth_token%3D841083468222193665-BcvJNY8PvGto5SjYRh1pCDxKOYcJSj3%26oauth_version%3D1.0%26track%3Da%252Cthe%252Ci%252Cyou%252Cu
2017-04-05 02:01:12,485 - oauthlib.oauth1.rfc5849 - DEBUG - Signature: 76NVO5xQka1fEbQfstuxQjkROZs=
2017-04-05 02:01:12,486 - requests_oauthlib.oauth1_auth - DEBUG - Updated url: https://stream.twitter.com/1.1/statuses/filter.json?delimited=length
2017-04-05 02:01:12,486 - requests_oauthlib.oauth1_auth - DEBUG - Updated headers: {u'Content-Length': u'39', u'Content-Type': u'application/x-www-form-urlencoded', u'Authorization': u'OAuth oauth_nonce="88721851094881350921491357672", oauth_timestamp="1491357672", oauth_version="1.0", oauth_signature_method="HMAC-SHA1", oauth_consumer_key="9ywytMVXKVsRxZQA94DyIlVx4", oauth_token="841083468222193665-BcvJNY8PvGto5SjYRh1pCDxKOYcJSj3", oauth_signature="76NVO5xQka1fEbQfstuxQjkROZs%3D"'}
2017-04-05 02:01:12,486 - requests_oauthlib.oauth1_auth - DEBUG - Updated body: u'track=a%2Cthe%2Ci%2Cyou%2Cu&language=en'
2017-04-05 02:01:12,488 - requests.packages.urllib3.connectionpool - INFO - Starting new HTTPS connection (10): stream.twitter.com
2017-04-05 02:01:12,650 - requests.packages.urllib3.connectionpool - DEBUG - "POST /1.1/statuses/filter.json?delimited=length HTTP/1.1" 420 36
2017-04-05 02:06:32,753 - requests_oauthlib.oauth1_auth - DEBUG - Signing request <PreparedRequest [POST]> using client <Client nonce=None, signature_method=HMAC-SHA1, realm=None, encoding=utf-8, timestamp=None, resource_owner_secret=****, decoding=None, verifier=None, signature_type=AUTH_HEADER, rsa_key=None, resource_owner_key=841083468222193665-BcvJNY8PvGto5SjYRh1pCDxKOYcJSj3, client_secret=****, callback_uri=None, client_key=9ywytMVXKVsRxZQA94DyIlVx4>
2017-04-05 02:06:32,753 - requests_oauthlib.oauth1_auth - DEBUG - Including body in call to sign: True
2017-04-05 02:06:32,754 - oauthlib.oauth1.rfc5849 - DEBUG - Collected params: [(u'delimited', u'length'), (u'oauth_nonce', u'69952094564235271891491357992'), (u'oauth_timestamp', u'1491357992'), (u'oauth_consumer_key', u'9ywytMVXKVsRxZQA94DyIlVx4'), (u'oauth_signature_method', u'HMAC-SHA1'), (u'oauth_version', u'1.0'), (u'oauth_token', u'841083468222193665-BcvJNY8PvGto5SjYRh1pCDxKOYcJSj3'), (u'track', u'a,the,i,you,u'), (u'language', u'en')]
2017-04-05 02:06:32,754 - oauthlib.oauth1.rfc5849 - DEBUG - Normalized params: delimited=length&language=en&oauth_consumer_key=9ywytMVXKVsRxZQA94DyIlVx4&oauth_nonce=69952094564235271891491357992&oauth_signature_method=HMAC-SHA1&oauth_timestamp=1491357992&oauth_token=841083468222193665-BcvJNY8PvGto5SjYRh1pCDxKOYcJSj3&oauth_version=1.0&track=a%2Cthe%2Ci%2Cyou%2Cu
2017-04-05 02:06:32,754 - oauthlib.oauth1.rfc5849 - DEBUG - Normalized URI: https://stream.twitter.com/1.1/statuses/filter.json
2017-04-05 02:06:32,754 - oauthlib.oauth1.rfc5849 - DEBUG - Base signing string: POST&https%3A%2F%2Fstream.twitter.com%2F1.1%2Fstatuses%2Ffilter.json&delimited%3Dlength%26language%3Den%26oauth_consumer_key%3D9ywytMVXKVsRxZQA94DyIlVx4%26oauth_nonce%3D69952094564235271891491357992%26oauth_signature_method%3DHMAC-SHA1%26oauth_timestamp%3D1491357992%26oauth_token%3D841083468222193665-BcvJNY8PvGto5SjYRh1pCDxKOYcJSj3%26oauth_version%3D1.0%26track%3Da%252Cthe%252Ci%252Cyou%252Cu
2017-04-05 02:06:32,755 - oauthlib.oauth1.rfc5849 - DEBUG - Signature: gjUNapqt5gQKm//j5qy9vItljh4=
2017-04-05 02:06:32,755 - requests_oauthlib.oauth1_auth - DEBUG - Updated url: https://stream.twitter.com/1.1/statuses/filter.json?delimited=length
2017-04-05 02:06:32,755 - requests_oauthlib.oauth1_auth - DEBUG - Updated headers: {u'Content-Length': u'39', u'Content-Type': u'application/x-www-form-urlencoded', u'Authorization': u'OAuth oauth_nonce="69952094564235271891491357992", oauth_timestamp="1491357992", oauth_version="1.0", oauth_signature_method="HMAC-SHA1", oauth_consumer_key="9ywytMVXKVsRxZQA94DyIlVx4", oauth_token="841083468222193665-BcvJNY8PvGto5SjYRh1pCDxKOYcJSj3", oauth_signature="gjUNapqt5gQKm%2F%2Fj5qy9vItljh4%3D"'}
2017-04-05 02:06:32,755 - requests_oauthlib.oauth1_auth - DEBUG - Updated body: u'track=a%2Cthe%2Ci%2Cyou%2Cu&language=en'
2017-04-05 02:06:32,756 - requests.packages.urllib3.connectionpool - INFO - Starting new HTTPS connection (11): stream.twitter.com
2017-04-05 02:06:32,905 - requests.packages.urllib3.connectionpool - DEBUG - "POST /1.1/statuses/filter.json?delimited=length HTTP/1.1" 420 36
2017-04-05 02:11:53,009 - requests_oauthlib.oauth1_auth - DEBUG - Signing request <PreparedRequest [POST]> using client <Client nonce=None, signature_method=HMAC-SHA1, realm=None, encoding=utf-8, timestamp=None, resource_owner_secret=****, decoding=None, verifier=None, signature_type=AUTH_HEADER, rsa_key=None, resource_owner_key=841083468222193665-BcvJNY8PvGto5SjYRh1pCDxKOYcJSj3, client_secret=****, callback_uri=None, client_key=9ywytMVXKVsRxZQA94DyIlVx4>
2017-04-05 02:11:53,010 - requests_oauthlib.oauth1_auth - DEBUG - Including body in call to sign: True
2017-04-05 02:11:53,011 - oauthlib.oauth1.rfc5849 - DEBUG - Collected params: [(u'delimited', u'length'), (u'oauth_nonce', u'80096442411168660171491358313'), (u'oauth_timestamp', u'1491358313'), (u'oauth_consumer_key', u'9ywytMVXKVsRxZQA94DyIlVx4'), (u'oauth_signature_method', u'HMAC-SHA1'), (u'oauth_version', u'1.0'), (u'oauth_token', u'841083468222193665-BcvJNY8PvGto5SjYRh1pCDxKOYcJSj3'), (u'track', u'a,the,i,you,u'), (u'language', u'en')]
2017-04-05 02:11:53,012 - oauthlib.oauth1.rfc5849 - DEBUG - Normalized params: delimited=length&language=en&oauth_consumer_key=9ywytMVXKVsRxZQA94DyIlVx4&oauth_nonce=80096442411168660171491358313&oauth_signature_method=HMAC-SHA1&oauth_timestamp=1491358313&oauth_token=841083468222193665-BcvJNY8PvGto5SjYRh1pCDxKOYcJSj3&oauth_version=1.0&track=a%2Cthe%2Ci%2Cyou%2Cu
2017-04-05 02:11:53,012 - oauthlib.oauth1.rfc5849 - DEBUG - Normalized URI: https://stream.twitter.com/1.1/statuses/filter.json
2017-04-05 02:11:53,013 - oauthlib.oauth1.rfc5849 - DEBUG - Base signing string: POST&https%3A%2F%2Fstream.twitter.com%2F1.1%2Fstatuses%2Ffilter.json&delimited%3Dlength%26language%3Den%26oauth_consumer_key%3D9ywytMVXKVsRxZQA94DyIlVx4%26oauth_nonce%3D80096442411168660171491358313%26oauth_signature_method%3DHMAC-SHA1%26oauth_timestamp%3D1491358313%26oauth_token%3D841083468222193665-BcvJNY8PvGto5SjYRh1pCDxKOYcJSj3%26oauth_version%3D1.0%26track%3Da%252Cthe%252Ci%252Cyou%252Cu
2017-04-05 02:11:53,013 - oauthlib.oauth1.rfc5849 - DEBUG - Signature: zfDsTVHREqVe61rvGf0EKmCW4kI=
2017-04-05 02:11:53,014 - requests_oauthlib.oauth1_auth - DEBUG - Updated url: https://stream.twitter.com/1.1/statuses/filter.json?delimited=length
2017-04-05 02:11:53,014 - requests_oauthlib.oauth1_auth - DEBUG - Updated headers: {u'Content-Length': u'39', u'Content-Type': u'application/x-www-form-urlencoded', u'Authorization': u'OAuth oauth_nonce="80096442411168660171491358313", oauth_timestamp="1491358313", oauth_version="1.0", oauth_signature_method="HMAC-SHA1", oauth_consumer_key="9ywytMVXKVsRxZQA94DyIlVx4", oauth_token="841083468222193665-BcvJNY8PvGto5SjYRh1pCDxKOYcJSj3", oauth_signature="zfDsTVHREqVe61rvGf0EKmCW4kI%3D"'}
2017-04-05 02:11:53,014 - requests_oauthlib.oauth1_auth - DEBUG - Updated body: u'track=a%2Cthe%2Ci%2Cyou%2Cu&language=en'
2017-04-05 02:11:53,015 - requests.packages.urllib3.connectionpool - INFO - Starting new HTTPS connection (12): stream.twitter.com
2017-04-05 02:11:53,420 - requests.packages.urllib3.connectionpool - DEBUG - "POST /1.1/statuses/filter.json?delimited=length HTTP/1.1" 420 36
2017-04-05 02:17:13,524 - requests_oauthlib.oauth1_auth - DEBUG - Signing request <PreparedRequest [POST]> using client <Client nonce=None, signature_method=HMAC-SHA1, realm=None, encoding=utf-8, timestamp=None, resource_owner_secret=****, decoding=None, verifier=None, signature_type=AUTH_HEADER, rsa_key=None, resource_owner_key=841083468222193665-BcvJNY8PvGto5SjYRh1pCDxKOYcJSj3, client_secret=****, callback_uri=None, client_key=9ywytMVXKVsRxZQA94DyIlVx4>
2017-04-05 02:17:13,524 - requests_oauthlib.oauth1_auth - DEBUG - Including body in call to sign: True
2017-04-05 02:17:13,526 - oauthlib.oauth1.rfc5849 - DEBUG - Collected params: [(u'delimited', u'length'), (u'oauth_nonce', u'143929211405171605911491358633'), (u'oauth_timestamp', u'1491358633'), (u'oauth_consumer_key', u'9ywytMVXKVsRxZQA94DyIlVx4'), (u'oauth_signature_method', u'HMAC-SHA1'), (u'oauth_version', u'1.0'), (u'oauth_token', u'841083468222193665-BcvJNY8PvGto5SjYRh1pCDxKOYcJSj3'), (u'track', u'a,the,i,you,u'), (u'language', u'en')]
2017-04-05 02:17:13,526 - oauthlib.oauth1.rfc5849 - DEBUG - Normalized params: delimited=length&language=en&oauth_consumer_key=9ywytMVXKVsRxZQA94DyIlVx4&oauth_nonce=143929211405171605911491358633&oauth_signature_method=HMAC-SHA1&oauth_timestamp=1491358633&oauth_token=841083468222193665-BcvJNY8PvGto5SjYRh1pCDxKOYcJSj3&oauth_version=1.0&track=a%2Cthe%2Ci%2Cyou%2Cu
2017-04-05 02:17:13,526 - oauthlib.oauth1.rfc5849 - DEBUG - Normalized URI: https://stream.twitter.com/1.1/statuses/filter.json
2017-04-05 02:17:13,527 - oauthlib.oauth1.rfc5849 - DEBUG - Base signing string: POST&https%3A%2F%2Fstream.twitter.com%2F1.1%2Fstatuses%2Ffilter.json&delimited%3Dlength%26language%3Den%26oauth_consumer_key%3D9ywytMVXKVsRxZQA94DyIlVx4%26oauth_nonce%3D143929211405171605911491358633%26oauth_signature_method%3DHMAC-SHA1%26oauth_timestamp%3D1491358633%26oauth_token%3D841083468222193665-BcvJNY8PvGto5SjYRh1pCDxKOYcJSj3%26oauth_version%3D1.0%26track%3Da%252Cthe%252Ci%252Cyou%252Cu
2017-04-05 02:17:13,527 - oauthlib.oauth1.rfc5849 - DEBUG - Signature: h9OE7bZSFyBGogy4hDKbeikHY4g=
2017-04-05 02:17:13,528 - requests_oauthlib.oauth1_auth - DEBUG - Updated url: https://stream.twitter.com/1.1/statuses/filter.json?delimited=length
2017-04-05 02:17:13,528 - requests_oauthlib.oauth1_auth - DEBUG - Updated headers: {u'Content-Length': u'39', u'Content-Type': u'application/x-www-form-urlencoded', u'Authorization': u'OAuth oauth_nonce="143929211405171605911491358633", oauth_timestamp="1491358633", oauth_version="1.0", oauth_signature_method="HMAC-SHA1", oauth_consumer_key="9ywytMVXKVsRxZQA94DyIlVx4", oauth_token="841083468222193665-BcvJNY8PvGto5SjYRh1pCDxKOYcJSj3", oauth_signature="h9OE7bZSFyBGogy4hDKbeikHY4g%3D"'}
2017-04-05 02:17:13,528 - requests_oauthlib.oauth1_auth - DEBUG - Updated body: u'track=a%2Cthe%2Ci%2Cyou%2Cu&language=en'
2017-04-05 02:17:13,530 - requests.packages.urllib3.connectionpool - INFO - Starting new HTTPS connection (13): stream.twitter.com
2017-04-05 02:17:13,663 - requests.packages.urllib3.connectionpool - DEBUG - "POST /1.1/statuses/filter.json?delimited=length HTTP/1.1" 420 36
2017-04-05 02:22:33,765 - requests_oauthlib.oauth1_auth - DEBUG - Signing request <PreparedRequest [POST]> using client <Client nonce=None, signature_method=HMAC-SHA1, realm=None, encoding=utf-8, timestamp=None, resource_owner_secret=****, decoding=None, verifier=None, signature_type=AUTH_HEADER, rsa_key=None, resource_owner_key=841083468222193665-BcvJNY8PvGto5SjYRh1pCDxKOYcJSj3, client_secret=****, callback_uri=None, client_key=9ywytMVXKVsRxZQA94DyIlVx4>
2017-04-05 02:22:33,766 - requests_oauthlib.oauth1_auth - DEBUG - Including body in call to sign: True
2017-04-05 02:22:33,767 - oauthlib.oauth1.rfc5849 - DEBUG - Collected params: [(u'delimited', u'length'), (u'oauth_nonce', u'27991398158487821681491358953'), (u'oauth_timestamp', u'1491358953'), (u'oauth_consumer_key', u'9ywytMVXKVsRxZQA94DyIlVx4'), (u'oauth_signature_method', u'HMAC-SHA1'), (u'oauth_version', u'1.0'), (u'oauth_token', u'841083468222193665-BcvJNY8PvGto5SjYRh1pCDxKOYcJSj3'), (u'track', u'a,the,i,you,u'), (u'language', u'en')]
2017-04-05 02:22:33,767 - oauthlib.oauth1.rfc5849 - DEBUG - Normalized params: delimited=length&language=en&oauth_consumer_key=9ywytMVXKVsRxZQA94DyIlVx4&oauth_nonce=27991398158487821681491358953&oauth_signature_method=HMAC-SHA1&oauth_timestamp=1491358953&oauth_token=841083468222193665-BcvJNY8PvGto5SjYRh1pCDxKOYcJSj3&oauth_version=1.0&track=a%2Cthe%2Ci%2Cyou%2Cu
2017-04-05 02:22:33,768 - oauthlib.oauth1.rfc5849 - DEBUG - Normalized URI: https://stream.twitter.com/1.1/statuses/filter.json
2017-04-05 02:22:33,768 - oauthlib.oauth1.rfc5849 - DEBUG - Base signing string: POST&https%3A%2F%2Fstream.twitter.com%2F1.1%2Fstatuses%2Ffilter.json&delimited%3Dlength%26language%3Den%26oauth_consumer_key%3D9ywytMVXKVsRxZQA94DyIlVx4%26oauth_nonce%3D27991398158487821681491358953%26oauth_signature_method%3DHMAC-SHA1%26oauth_timestamp%3D1491358953%26oauth_token%3D841083468222193665-BcvJNY8PvGto5SjYRh1pCDxKOYcJSj3%26oauth_version%3D1.0%26track%3Da%252Cthe%252Ci%252Cyou%252Cu
2017-04-05 02:22:33,768 - oauthlib.oauth1.rfc5849 - DEBUG - Signature: rWrgZPKXzCl7p9uG4b/KhK+5Y3o=
2017-04-05 02:22:33,769 - requests_oauthlib.oauth1_auth - DEBUG - Updated url: https://stream.twitter.com/1.1/statuses/filter.json?delimited=length
2017-04-05 02:22:33,769 - requests_oauthlib.oauth1_auth - DEBUG - Updated headers: {u'Content-Length': u'39', u'Content-Type': u'application/x-www-form-urlencoded', u'Authorization': u'OAuth oauth_nonce="27991398158487821681491358953", oauth_timestamp="1491358953", oauth_version="1.0", oauth_signature_method="HMAC-SHA1", oauth_consumer_key="9ywytMVXKVsRxZQA94DyIlVx4", oauth_token="841083468222193665-BcvJNY8PvGto5SjYRh1pCDxKOYcJSj3", oauth_signature="rWrgZPKXzCl7p9uG4b%2FKhK%2B5Y3o%3D"'}
2017-04-05 02:22:33,769 - requests_oauthlib.oauth1_auth - DEBUG - Updated body: u'track=a%2Cthe%2Ci%2Cyou%2Cu&language=en'
2017-04-05 02:22:33,770 - requests.packages.urllib3.connectionpool - INFO - Starting new HTTPS connection (14): stream.twitter.com
2017-04-05 02:22:33,917 - requests.packages.urllib3.connectionpool - DEBUG - "POST /1.1/statuses/filter.json?delimited=length HTTP/1.1" 420 36
