2017-04-05 02:24:07,721 - requests_oauthlib.oauth1_auth - DEBUG - Signing request <PreparedRequest [POST]> using client <Client nonce=None, signature_method=HMAC-SHA1, realm=None, encoding=utf-8, timestamp=None, resource_owner_secret=****, decoding=None, verifier=None, signature_type=AUTH_HEADER, rsa_key=None, resource_owner_key=841083468222193665-BcvJNY8PvGto5SjYRh1pCDxKOYcJSj3, client_secret=****, callback_uri=None, client_key=9ywytMVXKVsRxZQA94DyIlVx4>
2017-04-05 02:24:07,724 - requests_oauthlib.oauth1_auth - DEBUG - Including body in call to sign: True
2017-04-05 02:24:07,725 - oauthlib.oauth1.rfc5849 - DEBUG - Collected params: [(u'delimited', u'length'), (u'oauth_nonce', u'18672707210597954891491359047'), (u'oauth_timestamp', u'1491359047'), (u'oauth_consumer_key', u'9ywytMVXKVsRxZQA94DyIlVx4'), (u'oauth_signature_method', u'HMAC-SHA1'), (u'oauth_version', u'1.0'), (u'oauth_token', u'841083468222193665-BcvJNY8PvGto5SjYRh1pCDxKOYcJSj3'), (u'track', u'a,the,i,you,u'), (u'language', u'en')]
2017-04-05 02:24:07,726 - oauthlib.oauth1.rfc5849 - DEBUG - Normalized params: delimited=length&language=en&oauth_consumer_key=9ywytMVXKVsRxZQA94DyIlVx4&oauth_nonce=18672707210597954891491359047&oauth_signature_method=HMAC-SHA1&oauth_timestamp=1491359047&oauth_token=841083468222193665-BcvJNY8PvGto5SjYRh1pCDxKOYcJSj3&oauth_version=1.0&track=a%2Cthe%2Ci%2Cyou%2Cu
2017-04-05 02:24:07,726 - oauthlib.oauth1.rfc5849 - DEBUG - Normalized URI: https://stream.twitter.com/1.1/statuses/filter.json
2017-04-05 02:24:07,726 - oauthlib.oauth1.rfc5849 - DEBUG - Base signing string: POST&https%3A%2F%2Fstream.twitter.com%2F1.1%2Fstatuses%2Ffilter.json&delimited%3Dlength%26language%3Den%26oauth_consumer_key%3D9ywytMVXKVsRxZQA94DyIlVx4%26oauth_nonce%3D18672707210597954891491359047%26oauth_signature_method%3DHMAC-SHA1%26oauth_timestamp%3D1491359047%26oauth_token%3D841083468222193665-BcvJNY8PvGto5SjYRh1pCDxKOYcJSj3%26oauth_version%3D1.0%26track%3Da%252Cthe%252Ci%252Cyou%252Cu
2017-04-05 02:24:07,727 - oauthlib.oauth1.rfc5849 - DEBUG - Signature: 8p4aNXwdf3jeq9e149InOZ7DI98=
2017-04-05 02:24:07,729 - requests_oauthlib.oauth1_auth - DEBUG - Updated url: https://stream.twitter.com/1.1/statuses/filter.json?delimited=length
2017-04-05 02:24:07,730 - requests_oauthlib.oauth1_auth - DEBUG - Updated headers: {u'Content-Length': u'39', u'Content-Type': u'application/x-www-form-urlencoded', u'Authorization': u'OAuth oauth_nonce="18672707210597954891491359047", oauth_timestamp="1491359047", oauth_version="1.0", oauth_signature_method="HMAC-SHA1", oauth_consumer_key="9ywytMVXKVsRxZQA94DyIlVx4", oauth_token="841083468222193665-BcvJNY8PvGto5SjYRh1pCDxKOYcJSj3", oauth_signature="8p4aNXwdf3jeq9e149InOZ7DI98%3D"'}
2017-04-05 02:24:07,730 - requests_oauthlib.oauth1_auth - DEBUG - Updated body: u'track=a%2Cthe%2Ci%2Cyou%2Cu&language=en'
2017-04-05 02:24:07,735 - requests.packages.urllib3.connectionpool - INFO - Starting new HTTPS connection (1): stream.twitter.com
2017-04-05 02:24:07,881 - requests.packages.urllib3.connectionpool - DEBUG - "POST /1.1/statuses/filter.json?delimited=length HTTP/1.1" 420 36
2017-04-05 02:25:07,942 - requests_oauthlib.oauth1_auth - DEBUG - Signing request <PreparedRequest [POST]> using client <Client nonce=None, signature_method=HMAC-SHA1, realm=None, encoding=utf-8, timestamp=None, resource_owner_secret=****, decoding=None, verifier=None, signature_type=AUTH_HEADER, rsa_key=None, resource_owner_key=841083468222193665-BcvJNY8PvGto5SjYRh1pCDxKOYcJSj3, client_secret=****, callback_uri=None, client_key=9ywytMVXKVsRxZQA94DyIlVx4>
2017-04-05 02:25:07,943 - requests_oauthlib.oauth1_auth - DEBUG - Including body in call to sign: True
2017-04-05 02:25:07,944 - oauthlib.oauth1.rfc5849 - DEBUG - Collected params: [(u'delimited', u'length'), (u'oauth_nonce', u'162968696961728880761491359107'), (u'oauth_timestamp', u'1491359107'), (u'oauth_consumer_key', u'9ywytMVXKVsRxZQA94DyIlVx4'), (u'oauth_signature_method', u'HMAC-SHA1'), (u'oauth_version', u'1.0'), (u'oauth_token', u'841083468222193665-BcvJNY8PvGto5SjYRh1pCDxKOYcJSj3'), (u'track', u'a,the,i,you,u'), (u'language', u'en')]
2017-04-05 02:25:07,945 - oauthlib.oauth1.rfc5849 - DEBUG - Normalized params: delimited=length&language=en&oauth_consumer_key=9ywytMVXKVsRxZQA94DyIlVx4&oauth_nonce=162968696961728880761491359107&oauth_signature_method=HMAC-SHA1&oauth_timestamp=1491359107&oauth_token=841083468222193665-BcvJNY8PvGto5SjYRh1pCDxKOYcJSj3&oauth_version=1.0&track=a%2Cthe%2Ci%2Cyou%2Cu
2017-04-05 02:25:07,945 - oauthlib.oauth1.rfc5849 - DEBUG - Normalized URI: https://stream.twitter.com/1.1/statuses/filter.json
2017-04-05 02:25:07,946 - oauthlib.oauth1.rfc5849 - DEBUG - Base signing string: POST&https%3A%2F%2Fstream.twitter.com%2F1.1%2Fstatuses%2Ffilter.json&delimited%3Dlength%26language%3Den%26oauth_consumer_key%3D9ywytMVXKVsRxZQA94DyIlVx4%26oauth_nonce%3D162968696961728880761491359107%26oauth_signature_method%3DHMAC-SHA1%26oauth_timestamp%3D1491359107%26oauth_token%3D841083468222193665-BcvJNY8PvGto5SjYRh1pCDxKOYcJSj3%26oauth_version%3D1.0%26track%3Da%252Cthe%252Ci%252Cyou%252Cu
2017-04-05 02:25:07,946 - oauthlib.oauth1.rfc5849 - DEBUG - Signature: w8wYieEsUr4AOE5oxNdswquBqKg=
2017-04-05 02:25:07,946 - requests_oauthlib.oauth1_auth - DEBUG - Updated url: https://stream.twitter.com/1.1/statuses/filter.json?delimited=length
2017-04-05 02:25:07,946 - requests_oauthlib.oauth1_auth - DEBUG - Updated headers: {u'Content-Length': u'39', u'Content-Type': u'application/x-www-form-urlencoded', u'Authorization': u'OAuth oauth_nonce="162968696961728880761491359107", oauth_timestamp="1491359107", oauth_version="1.0", oauth_signature_method="HMAC-SHA1", oauth_consumer_key="9ywytMVXKVsRxZQA94DyIlVx4", oauth_token="841083468222193665-BcvJNY8PvGto5SjYRh1pCDxKOYcJSj3", oauth_signature="w8wYieEsUr4AOE5oxNdswquBqKg%3D"'}
2017-04-05 02:25:07,947 - requests_oauthlib.oauth1_auth - DEBUG - Updated body: u'track=a%2Cthe%2Ci%2Cyou%2Cu&language=en'
2017-04-05 02:25:07,947 - requests.packages.urllib3.connectionpool - INFO - Starting new HTTPS connection (2): stream.twitter.com
2017-04-05 02:25:08,222 - requests.packages.urllib3.connectionpool - DEBUG - "POST /1.1/statuses/filter.json?delimited=length HTTP/1.1" 420 36
2017-04-05 02:27:08,327 - requests_oauthlib.oauth1_auth - DEBUG - Signing request <PreparedRequest [POST]> using client <Client nonce=None, signature_method=HMAC-SHA1, realm=None, encoding=utf-8, timestamp=None, resource_owner_secret=****, decoding=None, verifier=None, signature_type=AUTH_HEADER, rsa_key=None, resource_owner_key=841083468222193665-BcvJNY8PvGto5SjYRh1pCDxKOYcJSj3, client_secret=****, callback_uri=None, client_key=9ywytMVXKVsRxZQA94DyIlVx4>
2017-04-05 02:27:08,328 - requests_oauthlib.oauth1_auth - DEBUG - Including body in call to sign: True
2017-04-05 02:27:08,329 - oauthlib.oauth1.rfc5849 - DEBUG - Collected params: [(u'delimited', u'length'), (u'oauth_nonce', u'156805232983763759481491359228'), (u'oauth_timestamp', u'1491359228'), (u'oauth_consumer_key', u'9ywytMVXKVsRxZQA94DyIlVx4'), (u'oauth_signature_method', u'HMAC-SHA1'), (u'oauth_version', u'1.0'), (u'oauth_token', u'841083468222193665-BcvJNY8PvGto5SjYRh1pCDxKOYcJSj3'), (u'track', u'a,the,i,you,u'), (u'language', u'en')]
2017-04-05 02:27:08,330 - oauthlib.oauth1.rfc5849 - DEBUG - Normalized params: delimited=length&language=en&oauth_consumer_key=9ywytMVXKVsRxZQA94DyIlVx4&oauth_nonce=156805232983763759481491359228&oauth_signature_method=HMAC-SHA1&oauth_timestamp=1491359228&oauth_token=841083468222193665-BcvJNY8PvGto5SjYRh1pCDxKOYcJSj3&oauth_version=1.0&track=a%2Cthe%2Ci%2Cyou%2Cu
2017-04-05 02:27:08,330 - oauthlib.oauth1.rfc5849 - DEBUG - Normalized URI: https://stream.twitter.com/1.1/statuses/filter.json
2017-04-05 02:27:08,330 - oauthlib.oauth1.rfc5849 - DEBUG - Base signing string: POST&https%3A%2F%2Fstream.twitter.com%2F1.1%2Fstatuses%2Ffilter.json&delimited%3Dlength%26language%3Den%26oauth_consumer_key%3D9ywytMVXKVsRxZQA94DyIlVx4%26oauth_nonce%3D156805232983763759481491359228%26oauth_signature_method%3DHMAC-SHA1%26oauth_timestamp%3D1491359228%26oauth_token%3D841083468222193665-BcvJNY8PvGto5SjYRh1pCDxKOYcJSj3%26oauth_version%3D1.0%26track%3Da%252Cthe%252Ci%252Cyou%252Cu
2017-04-05 02:27:08,331 - oauthlib.oauth1.rfc5849 - DEBUG - Signature: W4hohqIwUfR1y7BqogWPVpk3An8=
2017-04-05 02:27:08,332 - requests_oauthlib.oauth1_auth - DEBUG - Updated url: https://stream.twitter.com/1.1/statuses/filter.json?delimited=length
2017-04-05 02:27:08,332 - requests_oauthlib.oauth1_auth - DEBUG - Updated headers: {u'Content-Length': u'39', u'Content-Type': u'application/x-www-form-urlencoded', u'Authorization': u'OAuth oauth_nonce="156805232983763759481491359228", oauth_timestamp="1491359228", oauth_version="1.0", oauth_signature_method="HMAC-SHA1", oauth_consumer_key="9ywytMVXKVsRxZQA94DyIlVx4", oauth_token="841083468222193665-BcvJNY8PvGto5SjYRh1pCDxKOYcJSj3", oauth_signature="W4hohqIwUfR1y7BqogWPVpk3An8%3D"'}
2017-04-05 02:27:08,332 - requests_oauthlib.oauth1_auth - DEBUG - Updated body: u'track=a%2Cthe%2Ci%2Cyou%2Cu&language=en'
2017-04-05 02:27:08,333 - requests.packages.urllib3.connectionpool - INFO - Starting new HTTPS connection (3): stream.twitter.com
2017-04-05 02:27:08,464 - requests.packages.urllib3.connectionpool - DEBUG - "POST /1.1/statuses/filter.json?delimited=length HTTP/1.1" 420 36
